#
# There is insufficient memory for the Java Runtime Environment to continue.
# Native memory allocation (malloc) failed to allocate 1298736 bytes for Chunk::new
# Possible reasons:
#   The system is out of physical RAM or swap space
#   The process is running with CompressedOops enabled, and the Java Heap may be blocking the growth of the native heap
# Possible solutions:
#   Reduce memory load on the system
#   Increase physical memory or swap space
#   Check if swap backing store is full
#   Decrease Java heap size (-Xmx/-Xms)
#   Decrease number of Java threads
#   Decrease Java thread stack sizes (-Xss)
#   Set larger code cache with -XX:ReservedCodeCacheSize=
#   JVM is running with Unscaled Compressed Oops mode in which the Java heap is
#     placed in the first 4GB address space. The Java Heap base address is the
#     maximum limit for the native heap growth. Please use -XX:HeapBaseMinAddress
#     to set the Java Heap base and to place the Java Heap above 4GB virtual address.
# This output file may be truncated or incomplete.
#
#  Out of Memory Error (src/hotspot/share/memory/arena.cpp:197), pid=11824, tid=29752
#
# JRE version: OpenJDK Runtime Environment (11.0.15) (build 11.0.15+0-b2043.56-9505619)
# Java VM: OpenJDK 64-Bit Server VM (11.0.15+0-b2043.56-9505619, mixed mode, tiered, compressed oops, g1 gc, windows-amd64)
# No core dump will be written. Minidumps are not enabled by default on client versions of Windows
#

---------------  S U M M A R Y ------------

Command Line: --add-opens=java.base/java.util=ALL-UNNAMED --add-opens=java.base/java.lang=ALL-UNNAMED --add-opens=java.base/java.lang.invoke=ALL-UNNAMED --add-opens=java.base/java.util=ALL-UNNAMED --add-opens=java.prefs/java.util.prefs=ALL-UNNAMED --add-opens=java.prefs/java.util.prefs=ALL-UNNAMED --add-opens=java.base/java.nio.charset=ALL-UNNAMED --add-opens=java.base/java.net=ALL-UNNAMED --add-opens=java.base/java.util.concurrent.atomic=ALL-UNNAMED -Xmx2048m -Dfile.encoding=UTF-8 -Duser.country=TR -Duser.language=tr -Duser.variant org.gradle.launcher.daemon.bootstrap.GradleDaemon 7.5

Host: AMD Ryzen 5 3500U with Radeon Vega Mobile Gfx  , 8 cores, 5G,  Windows 11 , 64 bit Build 22621 (10.0.22621.1635)
Time: Sat May 13 21:59:10 2023 Türkiye Standart Saati elapsed time: 40.539669 seconds (0d 0h 0m 40s)

---------------  T H R E A D  ---------------

Current thread (0x0000024afa1df800):  JavaThread "C2 CompilerThread0" daemon [_thread_in_native, id=29752, stack(0x000000ceec300000,0x000000ceec400000)]


Current CompileTask:
C2:  40541 9445 %     4       org.gradle.internal.instantiation.generator.AbstractClassGenerator::inspectType @ 207 (560 bytes)

Stack: [0x000000ceec300000,0x000000ceec400000]
Native frames: (J=compiled Java code, j=interpreted, Vv=VM code, C=native code)
V  [jvm.dll+0x64135a]
V  [jvm.dll+0x7d39f9]
V  [jvm.dll+0x7d51b9]
V  [jvm.dll+0x7d58a3]
V  [jvm.dll+0x2691c5]
V  [jvm.dll+0xc1a5c]
V  [jvm.dll+0xc200c]
V  [jvm.dll+0x2da2c2]
V  [jvm.dll+0x54cad9]
V  [jvm.dll+0x22a011]
V  [jvm.dll+0x223809]
V  [jvm.dll+0x220384]
V  [jvm.dll+0x19e851]
V  [jvm.dll+0x230479]
V  [jvm.dll+0x22e5ef]
V  [jvm.dll+0x794de1]
V  [jvm.dll+0x78dc24]
V  [jvm.dll+0x6400f6]
C  [ucrtbase.dll+0x29363]
C  [KERNEL32.DLL+0x126ad]
C  [ntdll.dll+0x5a9f8]


---------------  P R O C E S S  ---------------

Threads class SMR info:
_java_thread_list=0x0000024afd921280, length=132, elements={
0x0000024aeed0d000, 0x0000024afa1be800, 0x0000024afa1bf800, 0x0000024afa1db000,
0x0000024afa1dc000, 0x0000024afa1dd800, 0x0000024afa1df800, 0x0000024afa1e0800,
0x0000024afa1fd800, 0x0000024afac9c000, 0x0000024afc59a800, 0x0000024afc138800,
0x0000024afae81000, 0x0000024afcbff800, 0x0000024afbdf6800, 0x0000024afcbdc800,
0x0000024afcbdd800, 0x0000024afcbe2000, 0x0000024afc5d1800, 0x0000024afc5d2000,
0x0000024afcafa000, 0x0000024afcafb000, 0x0000024afcafe000, 0x0000024afcaf9000,
0x0000024afcaf8800, 0x0000024afcafc800, 0x0000024afcafb800, 0x0000024afcafd000,
0x0000024afcaff000, 0x0000024aff613000, 0x0000024aff616800, 0x0000024aff614000,
0x0000024aff617000, 0x0000024aff612800, 0x0000024aff619000, 0x0000024aff618000,
0x0000024aff619800, 0x0000024aff61a800, 0x0000024aff614800, 0x0000024aff61e800,
0x0000024aff61b800, 0x0000024a8f8d4000, 0x0000024a8f8d1800, 0x0000024a8f8d3000,
0x0000024a8f8cf000, 0x0000024a8f8d0000, 0x0000024a8f8d6800, 0x0000024a8f8d2800,
0x0000024a8f8d4800, 0x0000024a8f8d5800, 0x0000024a8f8d0800, 0x0000024a8f8dc000,
0x0000024a8f8db000, 0x0000024a8f8dd000, 0x0000024a8f8d8000, 0x0000024a8f8d9800,
0x0000024a8f8d7000, 0x0000024a8f8dd800, 0x0000024a8f8d9000, 0x0000024a8f8da800,
0x0000024afbb71000, 0x0000024afbb6c800, 0x0000024afbb70800, 0x0000024afbb6f800,
0x0000024afbb72000, 0x0000024afbb73000, 0x0000024afbb6e800, 0x0000024afbb6d000,
0x0000024afbb73800, 0x0000024afbb6e000, 0x0000024afbb77000, 0x0000024afbb76000,
0x0000024afbb79800, 0x0000024afbb77800, 0x0000024afbb78800, 0x0000024afbb7a000,
0x0000024afbb74800, 0x0000024afbb75800, 0x0000024afbb7b000, 0x0000024a8f199000,
0x0000024a8f195000, 0x0000024a8f196800, 0x0000024a8f197800, 0x0000024a8f19a000,
0x0000024a8f19a800, 0x0000024a8f19b800, 0x0000024a8f198000, 0x0000024a8f195800,
0x0000024a8f19e800, 0x0000024a8f19f800, 0x0000024a8f1a2000, 0x0000024a8f19d000,
0x0000024a8f19c800, 0x0000024a8f1a3800, 0x0000024a8f1a0800, 0x0000024a8f1a1000,
0x0000024a8f1a3000, 0x0000024a8f19e000, 0x0000024afb056000, 0x0000024afb054800,
0x0000024afb051000, 0x0000024afb055000, 0x0000024afb052000, 0x0000024afb050000,
0x0000024afb056800, 0x0000024afb053800, 0x0000024afb057800, 0x0000024afb058800,
0x0000024afb052800, 0x0000024afb05a000, 0x0000024afb05d000, 0x0000024afb05b800,
0x0000024afb05f000, 0x0000024afb05b000, 0x0000024afb05c800, 0x0000024afb059000,
0x0000024afb05e000, 0x0000024afb021800, 0x0000024afb020800, 0x0000024afb022000,
0x0000024afb024800, 0x0000024afb020000, 0x0000024afb024000, 0x0000024afb01f000,
0x0000024afb028000, 0x0000024afb029000, 0x0000024afb027000, 0x0000024afb029800,
0x0000024afb025800, 0x0000024afb02b000, 0x0000024afb02a800, 0x0000024afb02c000
}

Java Threads: ( => current thread )
  0x0000024aeed0d000 JavaThread "main" [_thread_blocked, id=30420, stack(0x000000ceeb700000,0x000000ceeb800000)]
  0x0000024afa1be800 JavaThread "Reference Handler" daemon [_thread_blocked, id=32692, stack(0x000000ceebe00000,0x000000ceebf00000)]
  0x0000024afa1bf800 JavaThread "Finalizer" daemon [_thread_blocked, id=31612, stack(0x000000ceebf00000,0x000000ceec000000)]
  0x0000024afa1db000 JavaThread "Signal Dispatcher" daemon [_thread_blocked, id=34868, stack(0x000000ceec000000,0x000000ceec100000)]
  0x0000024afa1dc000 JavaThread "Attach Listener" daemon [_thread_blocked, id=2436, stack(0x000000ceec100000,0x000000ceec200000)]
  0x0000024afa1dd800 JavaThread "Service Thread" daemon [_thread_blocked, id=19812, stack(0x000000ceec200000,0x000000ceec300000)]
=>0x0000024afa1df800 JavaThread "C2 CompilerThread0" daemon [_thread_in_native, id=29752, stack(0x000000ceec300000,0x000000ceec400000)]
  0x0000024afa1e0800 JavaThread "C1 CompilerThread0" daemon [_thread_blocked, id=31388, stack(0x000000ceec400000,0x000000ceec500000)]
  0x0000024afa1fd800 JavaThread "Sweeper thread" daemon [_thread_blocked, id=33524, stack(0x000000ceec500000,0x000000ceec600000)]
  0x0000024afac9c000 JavaThread "Common-Cleaner" daemon [_thread_blocked, id=33304, stack(0x000000ceec600000,0x000000ceec700000)]
  0x0000024afc59a800 JavaThread "Daemon health stats" [_thread_blocked, id=26100, stack(0x000000ceec900000,0x000000ceeca00000)]
  0x0000024afc138800 JavaThread "Incoming local TCP Connector on port 64397" [_thread_in_native, id=34592, stack(0x000000ceecd00000,0x000000ceece00000)]
  0x0000024afae81000 JavaThread "Daemon periodic checks" [_thread_in_Java, id=33592, stack(0x000000ceece00000,0x000000ceecf00000)]
  0x0000024afcbff800 JavaThread "Daemon" [_thread_blocked, id=32372, stack(0x000000ceecf00000,0x000000ceed000000)]
  0x0000024afbdf6800 JavaThread "Handler for socket connection from /127.0.0.1:64397 to /127.0.0.1:64398" [_thread_in_native, id=28784, stack(0x000000ceed000000,0x000000ceed100000)]
  0x0000024afcbdc800 JavaThread "Cancel handler" [_thread_blocked, id=35344, stack(0x000000ceed100000,0x000000ceed200000)]
  0x0000024afcbdd800 JavaThread "Daemon worker" [_thread_in_vm, id=16660, stack(0x000000ceed200000,0x000000ceed300000)]
  0x0000024afcbe2000 JavaThread "Asynchronous log dispatcher for DefaultDaemonConnection: socket connection from /127.0.0.1:64397 to /127.0.0.1:64398" [_thread_blocked, id=34112, stack(0x000000ceed300000,0x000000ceed400000)]
  0x0000024afc5d1800 JavaThread "Stdin handler" [_thread_blocked, id=9612, stack(0x000000ceed400000,0x000000ceed500000)]
  0x0000024afc5d2000 JavaThread "Daemon client event forwarder" [_thread_blocked, id=13508, stack(0x000000ceed500000,0x000000ceed600000)]
  0x0000024afcafa000 JavaThread "Cache worker for journal cache (C:\Users\Asus\.gradle\caches\journal-1)" [_thread_blocked, id=32280, stack(0x000000ceeda00000,0x000000ceedb00000)]
  0x0000024afcafb000 JavaThread "File lock request listener" [_thread_in_native, id=32268, stack(0x000000ceedb00000,0x000000ceedc00000)]
  0x0000024afcafe000 JavaThread "Cache worker for file hash cache (C:\Users\Asus\.gradle\caches\7.5\fileHashes)" [_thread_blocked, id=20884, stack(0x000000ceedd00000,0x000000ceede00000)]
  0x0000024afcaf9000 JavaThread "File watcher server" daemon [_thread_in_native, id=28952, stack(0x000000ceedf00000,0x000000ceee000000)]
  0x0000024afcaf8800 JavaThread "File watcher consumer" daemon [_thread_blocked, id=15284, stack(0x000000ceee000000,0x000000ceee100000)]
  0x0000024afcafc800 JavaThread "jar transforms" [_thread_blocked, id=34200, stack(0x000000ceee200000,0x000000ceee300000)]
  0x0000024afcafb800 JavaThread "jar transforms Thread 2" [_thread_blocked, id=23572, stack(0x000000ceee300000,0x000000ceee400000)]
  0x0000024afcafd000 JavaThread "jar transforms Thread 3" [_thread_blocked, id=25528, stack(0x000000ceee400000,0x000000ceee500000)]
  0x0000024afcaff000 JavaThread "jar transforms Thread 4" [_thread_blocked, id=33100, stack(0x000000ceee500000,0x000000ceee600000)]
  0x0000024aff613000 JavaThread "jar transforms Thread 5" [_thread_blocked, id=28500, stack(0x000000ceee600000,0x000000ceee700000)]
  0x0000024aff616800 JavaThread "jar transforms Thread 6" [_thread_blocked, id=30192, stack(0x000000ceee700000,0x000000ceee800000)]
  0x0000024aff614000 JavaThread "jar transforms Thread 7" [_thread_blocked, id=31412, stack(0x000000ceee800000,0x000000ceee900000)]
  0x0000024aff617000 JavaThread "jar transforms Thread 8" [_thread_blocked, id=30908, stack(0x000000ceee900000,0x000000ceeea00000)]
  0x0000024aff612800 JavaThread "Cache worker for checksums cache (C:\Users\Asus\Desktop\23b-cse234-term-project-DenizBozkan\Restaurant\.gradle\7.5\checksums)" [_thread_blocked, id=5412, stack(0x000000ceeea00000,0x000000ceeeb00000)]
  0x0000024aff619000 JavaThread "Cache worker for cache directory md-rule (C:\Users\Asus\.gradle\caches\7.5\md-rule)" [_thread_blocked, id=27872, stack(0x000000ceee100000,0x000000ceee200000)]
  0x0000024aff618000 JavaThread "Cache worker for file content cache (C:\Users\Asus\.gradle\caches\7.5\fileContent)" [_thread_blocked, id=31240, stack(0x000000ceeeb00000,0x000000ceeec00000)]
  0x0000024aff619800 JavaThread "Cache worker for file hash cache (C:\Users\Asus\Desktop\23b-cse234-term-project-DenizBozkan\Restaurant\.gradle\7.5\fileHashes)" [_thread_blocked, id=31024, stack(0x000000ceeec00000,0x000000ceeed00000)]
  0x0000024aff61a800 JavaThread "Cache worker for cache directory md-supplier (C:\Users\Asus\.gradle\caches\7.5\md-supplier)" [_thread_blocked, id=35800, stack(0x000000ceeed00000,0x000000ceeee00000)]
  0x0000024aff614800 JavaThread "Cache worker for execution history cache (C:\Users\Asus\.gradle\caches\7.5\executionHistory)" [_thread_blocked, id=29928, stack(0x000000ceeee00000,0x000000ceeef00000)]
  0x0000024aff61e800 JavaThread "Cache worker for dependencies-accessors (C:\Users\Asus\Desktop\23b-cse234-term-project-DenizBozkan\Restaurant\.gradle\7.5\dependencies-accessors)" [_thread_blocked, id=28776, stack(0x000000ceeef00000,0x000000ceef000000)]
  0x0000024aff61b800 JavaThread "Cache worker for Build Output Cleanup Cache (C:\Users\Asus\Desktop\23b-cse234-term-project-DenizBozkan\Restaurant\.gradle\buildOutputCleanup)" [_thread_blocked, id=27892, stack(0x000000ceef000000,0x000000ceef100000)]
  0x0000024a8f8d4000 JavaThread "Unconstrained build operations" [_thread_blocked, id=28452, stack(0x000000ceef100000,0x000000ceef200000)]
  0x0000024a8f8d1800 JavaThread "Unconstrained build operations Thread 2" [_thread_blocked, id=34680, stack(0x000000ceef200000,0x000000ceef300000)]
  0x0000024a8f8d3000 JavaThread "Unconstrained build operations Thread 3" [_thread_blocked, id=31972, stack(0x000000ceef300000,0x000000ceef400000)]
  0x0000024a8f8cf000 JavaThread "Unconstrained build operations Thread 4" [_thread_blocked, id=18364, stack(0x000000ceef400000,0x000000ceef500000)]
  0x0000024a8f8d0000 JavaThread "Unconstrained build operations Thread 5" [_thread_blocked, id=20648, stack(0x000000ceef500000,0x000000ceef600000)]
  0x0000024a8f8d6800 JavaThread "Unconstrained build operations Thread 6" [_thread_blocked, id=32732, stack(0x000000ceef600000,0x000000ceef700000)]
  0x0000024a8f8d2800 JavaThread "Unconstrained build operations Thread 7" [_thread_blocked, id=32892, stack(0x000000ceef700000,0x000000ceef800000)]
  0x0000024a8f8d4800 JavaThread "Unconstrained build operations Thread 8" [_thread_blocked, id=32580, stack(0x000000ceef800000,0x000000ceef900000)]
  0x0000024a8f8d5800 JavaThread "Unconstrained build operations Thread 9" [_thread_blocked, id=31896, stack(0x000000ceef900000,0x000000ceefa00000)]
  0x0000024a8f8d0800 JavaThread "Unconstrained build operations Thread 10" [_thread_blocked, id=23208, stack(0x000000ceefa00000,0x000000ceefb00000)]
  0x0000024a8f8dc000 JavaThread "Unconstrained build operations Thread 11" [_thread_blocked, id=7488, stack(0x000000ceefb00000,0x000000ceefc00000)]
  0x0000024a8f8db000 JavaThread "Unconstrained build operations Thread 12" [_thread_blocked, id=26180, stack(0x000000ceefc00000,0x000000ceefd00000)]
  0x0000024a8f8dd000 JavaThread "Unconstrained build operations Thread 13" [_thread_blocked, id=23456, stack(0x000000ceefd00000,0x000000ceefe00000)]
  0x0000024a8f8d8000 JavaThread "Unconstrained build operations Thread 14" [_thread_blocked, id=27220, stack(0x000000ceefe00000,0x000000ceeff00000)]
  0x0000024a8f8d9800 JavaThread "Unconstrained build operations Thread 15" [_thread_blocked, id=33880, stack(0x000000ceeff00000,0x000000cef0000000)]
  0x0000024a8f8d7000 JavaThread "Unconstrained build operations Thread 16" [_thread_blocked, id=2584, stack(0x000000cef0000000,0x000000cef0100000)]
  0x0000024a8f8dd800 JavaThread "Unconstrained build operations Thread 17" [_thread_blocked, id=25796, stack(0x000000cef0100000,0x000000cef0200000)]
  0x0000024a8f8d9000 JavaThread "Unconstrained build operations Thread 18" [_thread_blocked, id=31552, stack(0x000000cef0200000,0x000000cef0300000)]
  0x0000024a8f8da800 JavaThread "Unconstrained build operations Thread 19" [_thread_blocked, id=31540, stack(0x000000cef0300000,0x000000cef0400000)]
  0x0000024afbb71000 JavaThread "Unconstrained build operations Thread 20" [_thread_blocked, id=33692, stack(0x000000cef0400000,0x000000cef0500000)]
  0x0000024afbb6c800 JavaThread "Unconstrained build operations Thread 21" [_thread_blocked, id=33388, stack(0x000000cef0500000,0x000000cef0600000)]
  0x0000024afbb70800 JavaThread "Unconstrained build operations Thread 22" [_thread_blocked, id=33736, stack(0x000000cef0600000,0x000000cef0700000)]
  0x0000024afbb6f800 JavaThread "Unconstrained build operations Thread 23" [_thread_blocked, id=32568, stack(0x000000cef0700000,0x000000cef0800000)]
  0x0000024afbb72000 JavaThread "Unconstrained build operations Thread 24" [_thread_blocked, id=34252, stack(0x000000cef0800000,0x000000cef0900000)]
  0x0000024afbb73000 JavaThread "Unconstrained build operations Thread 25" [_thread_blocked, id=27628, stack(0x000000cef0900000,0x000000cef0a00000)]
  0x0000024afbb6e800 JavaThread "Unconstrained build operations Thread 26" [_thread_blocked, id=12080, stack(0x000000cef0a00000,0x000000cef0b00000)]
  0x0000024afbb6d000 JavaThread "Unconstrained build operations Thread 27" [_thread_blocked, id=34560, stack(0x000000cef0b00000,0x000000cef0c00000)]
  0x0000024afbb73800 JavaThread "Unconstrained build operations Thread 28" [_thread_blocked, id=31088, stack(0x000000cef0c00000,0x000000cef0d00000)]
  0x0000024afbb6e000 JavaThread "Unconstrained build operations Thread 29" [_thread_blocked, id=7304, stack(0x000000cef0d00000,0x000000cef0e00000)]
  0x0000024afbb77000 JavaThread "Unconstrained build operations Thread 30" [_thread_blocked, id=20056, stack(0x000000cef0e00000,0x000000cef0f00000)]
  0x0000024afbb76000 JavaThread "Unconstrained build operations Thread 31" [_thread_blocked, id=11904, stack(0x000000cef0f00000,0x000000cef1000000)]
  0x0000024afbb79800 JavaThread "Unconstrained build operations Thread 32" [_thread_blocked, id=11780, stack(0x000000cef1000000,0x000000cef1100000)]
  0x0000024afbb77800 JavaThread "Unconstrained build operations Thread 33" [_thread_blocked, id=33232, stack(0x000000cef1100000,0x000000cef1200000)]
  0x0000024afbb78800 JavaThread "Unconstrained build operations Thread 34" [_thread_blocked, id=30668, stack(0x000000cef1200000,0x000000cef1300000)]
  0x0000024afbb7a000 JavaThread "Unconstrained build operations Thread 35" [_thread_blocked, id=35276, stack(0x000000cef1300000,0x000000cef1400000)]
  0x0000024afbb74800 JavaThread "Unconstrained build operations Thread 36" [_thread_blocked, id=33188, stack(0x000000cef1400000,0x000000cef1500000)]
  0x0000024afbb75800 JavaThread "Unconstrained build operations Thread 37" [_thread_blocked, id=26608, stack(0x000000cef1500000,0x000000cef1600000)]
  0x0000024afbb7b000 JavaThread "Unconstrained build operations Thread 38" [_thread_blocked, id=27576, stack(0x000000cef1600000,0x000000cef1700000)]
  0x0000024a8f199000 JavaThread "Unconstrained build operations Thread 39" [_thread_blocked, id=22652, stack(0x000000cef1700000,0x000000cef1800000)]
  0x0000024a8f195000 JavaThread "Unconstrained build operations Thread 40" [_thread_blocked, id=33872, stack(0x000000cef1800000,0x000000cef1900000)]
  0x0000024a8f196800 JavaThread "Unconstrained build operations Thread 41" [_thread_blocked, id=35440, stack(0x000000cef1900000,0x000000cef1a00000)]
  0x0000024a8f197800 JavaThread "Unconstrained build operations Thread 42" [_thread_blocked, id=35688, stack(0x000000cef1a00000,0x000000cef1b00000)]
  0x0000024a8f19a000 JavaThread "Unconstrained build operations Thread 43" [_thread_blocked, id=18012, stack(0x000000cef1b00000,0x000000cef1c00000)]
  0x0000024a8f19a800 JavaThread "Unconstrained build operations Thread 44" [_thread_blocked, id=33628, stack(0x000000cef1c00000,0x000000cef1d00000)]
  0x0000024a8f19b800 JavaThread "Unconstrained build operations Thread 45" [_thread_blocked, id=27012, stack(0x000000cef1d00000,0x000000cef1e00000)]
  0x0000024a8f198000 JavaThread "Unconstrained build operations Thread 46" [_thread_blocked, id=27992, stack(0x000000cef1e00000,0x000000cef1f00000)]
  0x0000024a8f195800 JavaThread "Unconstrained build operations Thread 47" [_thread_blocked, id=23644, stack(0x000000cef1f00000,0x000000cef2000000)]
  0x0000024a8f19e800 JavaThread "Unconstrained build operations Thread 48" [_thread_blocked, id=34976, stack(0x000000cef2000000,0x000000cef2100000)]
  0x0000024a8f19f800 JavaThread "Unconstrained build operations Thread 49" [_thread_blocked, id=27260, stack(0x000000cef2100000,0x000000cef2200000)]
  0x0000024a8f1a2000 JavaThread "Unconstrained build operations Thread 50" [_thread_blocked, id=32660, stack(0x000000cef2200000,0x000000cef2300000)]
  0x0000024a8f19d000 JavaThread "Unconstrained build operations Thread 51" [_thread_blocked, id=22732, stack(0x000000cef2300000,0x000000cef2400000)]
  0x0000024a8f19c800 JavaThread "Unconstrained build operations Thread 52" [_thread_blocked, id=19124, stack(0x000000cef2400000,0x000000cef2500000)]
  0x0000024a8f1a3800 JavaThread "Unconstrained build operations Thread 53" [_thread_blocked, id=9976, stack(0x000000cef2500000,0x000000cef2600000)]
  0x0000024a8f1a0800 JavaThread "Unconstrained build operations Thread 54" [_thread_blocked, id=30784, stack(0x000000cef2600000,0x000000cef2700000)]
  0x0000024a8f1a1000 JavaThread "Unconstrained build operations Thread 55" [_thread_blocked, id=30064, stack(0x000000cef2700000,0x000000cef2800000)]
  0x0000024a8f1a3000 JavaThread "Unconstrained build operations Thread 56" [_thread_blocked, id=34288, stack(0x000000cef2800000,0x000000cef2900000)]
  0x0000024a8f19e000 JavaThread "Unconstrained build operations Thread 57" [_thread_blocked, id=33560, stack(0x000000cef2900000,0x000000cef2a00000)]
  0x0000024afb056000 JavaThread "Unconstrained build operations Thread 58" [_thread_blocked, id=30312, stack(0x000000cef2a00000,0x000000cef2b00000)]
  0x0000024afb054800 JavaThread "Unconstrained build operations Thread 59" [_thread_blocked, id=34340, stack(0x000000cef2b00000,0x000000cef2c00000)]
  0x0000024afb051000 JavaThread "Unconstrained build operations Thread 60" [_thread_blocked, id=30524, stack(0x000000cef2c00000,0x000000cef2d00000)]
  0x0000024afb055000 JavaThread "Unconstrained build operations Thread 61" [_thread_blocked, id=20112, stack(0x000000cef2d00000,0x000000cef2e00000)]
  0x0000024afb052000 JavaThread "Unconstrained build operations Thread 62" [_thread_blocked, id=31680, stack(0x000000cef2e00000,0x000000cef2f00000)]
  0x0000024afb050000 JavaThread "Unconstrained build operations Thread 63" [_thread_blocked, id=32020, stack(0x000000cef2f00000,0x000000cef3000000)]
  0x0000024afb056800 JavaThread "Unconstrained build operations Thread 64" [_thread_blocked, id=31776, stack(0x000000cef3000000,0x000000cef3100000)]
  0x0000024afb053800 JavaThread "Unconstrained build operations Thread 65" [_thread_blocked, id=16560, stack(0x000000cef3100000,0x000000cef3200000)]
  0x0000024afb057800 JavaThread "Unconstrained build operations Thread 66" [_thread_blocked, id=35148, stack(0x000000cef3200000,0x000000cef3300000)]
  0x0000024afb058800 JavaThread "Unconstrained build operations Thread 67" [_thread_blocked, id=33776, stack(0x000000cef3300000,0x000000cef3400000)]
  0x0000024afb052800 JavaThread "Unconstrained build operations Thread 68" [_thread_blocked, id=9972, stack(0x000000cef3400000,0x000000cef3500000)]
  0x0000024afb05a000 JavaThread "Unconstrained build operations Thread 69" [_thread_blocked, id=35244, stack(0x000000cef3500000,0x000000cef3600000)]
  0x0000024afb05d000 JavaThread "Unconstrained build operations Thread 70" [_thread_blocked, id=33924, stack(0x000000cef3600000,0x000000cef3700000)]
  0x0000024afb05b800 JavaThread "Unconstrained build operations Thread 71" [_thread_blocked, id=34008, stack(0x000000cef3700000,0x000000cef3800000)]
  0x0000024afb05f000 JavaThread "Unconstrained build operations Thread 72" [_thread_blocked, id=32852, stack(0x000000cef3800000,0x000000cef3900000)]
  0x0000024afb05b000 JavaThread "Unconstrained build operations Thread 73" [_thread_blocked, id=32340, stack(0x000000cef3900000,0x000000cef3a00000)]
  0x0000024afb05c800 JavaThread "Unconstrained build operations Thread 74" [_thread_blocked, id=35508, stack(0x000000cef3a00000,0x000000cef3b00000)]
  0x0000024afb059000 JavaThread "Unconstrained build operations Thread 75" [_thread_blocked, id=33300, stack(0x000000cef3b00000,0x000000cef3c00000)]
  0x0000024afb05e000 JavaThread "Unconstrained build operations Thread 76" [_thread_blocked, id=32364, stack(0x000000cef3c00000,0x000000cef3d00000)]
  0x0000024afb021800 JavaThread "Unconstrained build operations Thread 77" [_thread_blocked, id=25192, stack(0x000000cef3d00000,0x000000cef3e00000)]
  0x0000024afb020800 JavaThread "Unconstrained build operations Thread 78" [_thread_blocked, id=30780, stack(0x000000cef3e00000,0x000000cef3f00000)]
  0x0000024afb022000 JavaThread "Unconstrained build operations Thread 79" [_thread_blocked, id=32036, stack(0x000000cef3f00000,0x000000cef4000000)]
  0x0000024afb024800 JavaThread "Unconstrained build operations Thread 80" [_thread_blocked, id=13824, stack(0x000000cef4000000,0x000000cef4100000)]
  0x0000024afb020000 JavaThread "Memory manager" [_thread_blocked, id=35372, stack(0x000000cef4100000,0x000000cef4200000)]
  0x0000024afb024000 JavaThread "included builds" [_thread_blocked, id=31960, stack(0x000000ceeb500000,0x000000ceeb600000)]
  0x0000024afb01f000 JavaThread "Execution worker" [_thread_blocked, id=30756, stack(0x000000ceede00000,0x000000ceedf00000)]
  0x0000024afb028000 JavaThread "Execution worker Thread 2" [_thread_blocked, id=35384, stack(0x000000cef4200000,0x000000cef4300000)]
  0x0000024afb029000 JavaThread "Execution worker Thread 3" [_thread_blocked, id=26880, stack(0x000000cef4300000,0x000000cef4400000)]
  0x0000024afb027000 JavaThread "Execution worker Thread 4" [_thread_blocked, id=34872, stack(0x000000cef4400000,0x000000cef4500000)]
  0x0000024afb029800 JavaThread "Execution worker Thread 5" [_thread_blocked, id=31996, stack(0x000000cef4500000,0x000000cef4600000)]
  0x0000024afb025800 JavaThread "Execution worker Thread 6" [_thread_blocked, id=35432, stack(0x000000cef4600000,0x000000cef4700000)]
  0x0000024afb02b000 JavaThread "Execution worker Thread 7" [_thread_blocked, id=7492, stack(0x000000cef4700000,0x000000cef4800000)]
  0x0000024afb02a800 JavaThread "Cache worker for execution history cache (C:\Users\Asus\Desktop\23b-cse234-term-project-DenizBozkan\Restaurant\.gradle\7.5\executionHistory)" [_thread_blocked, id=25752, stack(0x000000cef4800000,0x000000cef4900000)]
  0x0000024afb02c000 JavaThread "idea-tooling-model-converter" [_thread_blocked, id=34128, stack(0x000000cef4900000,0x000000cef4a00000)]

Other Threads:
  0x0000024afa1ba000 VMThread "VM Thread" [stack: 0x000000ceebd00000,0x000000ceebe00000] [id=35156]
  0x0000024afacd5000 WatcherThread [stack: 0x000000ceec700000,0x000000ceec800000] [id=29184]
  0x0000024aeed28800 GCTaskThread "GC Thread#0" [stack: 0x000000ceeb800000,0x000000ceeb900000] [id=20384]
  0x0000024afbcf7800 GCTaskThread "GC Thread#1" [stack: 0x000000ceec800000,0x000000ceec900000] [id=33336]
  0x0000024afc2b2800 GCTaskThread "GC Thread#2" [stack: 0x000000ceeca00000,0x000000ceecb00000] [id=29568]
  0x0000024afb5c7800 GCTaskThread "GC Thread#3" [stack: 0x000000ceecb00000,0x000000ceecc00000] [id=34804]
  0x0000024afcbf5800 GCTaskThread "GC Thread#4" [stack: 0x000000ceed600000,0x000000ceed700000] [id=21132]
  0x0000024afcbfd800 GCTaskThread "GC Thread#5" [stack: 0x000000ceed700000,0x000000ceed800000] [id=34532]
  0x0000024afcbfe000 GCTaskThread "GC Thread#6" [stack: 0x000000ceed800000,0x000000ceed900000] [id=34424]
  0x0000024afc5cd800 GCTaskThread "GC Thread#7" [stack: 0x000000ceed900000,0x000000ceeda00000] [id=27028]
  0x0000024aeed59000 ConcurrentGCThread "G1 Main Marker" [stack: 0x000000ceeb900000,0x000000ceeba00000] [id=31256]
  0x0000024aeed5c000 ConcurrentGCThread "G1 Conc#0" [stack: 0x000000ceeba00000,0x000000ceebb00000] [id=34460]
  0x0000024afced1800 ConcurrentGCThread "G1 Conc#1" [stack: 0x000000ceedc00000,0x000000ceedd00000] [id=31028]
  0x0000024afa010800 ConcurrentGCThread "G1 Refine#0" [stack: 0x000000ceebb00000,0x000000ceebc00000] [id=22964]
  0x0000024afc4f9800 ConcurrentGCThread "G1 Refine#1" [stack: 0x000000ceecc00000,0x000000ceecd00000] [id=35728]
  0x0000024aeedd6000 ConcurrentGCThread "G1 Young RemSet Sampling" [stack: 0x000000ceebc00000,0x000000ceebd00000] [id=12916]

Threads with active compile tasks:
C2 CompilerThread0    40874 9445 %     4       org.gradle.internal.instantiation.generator.AbstractClassGenerator::inspectType @ 207 (560 bytes)

VM state:not at safepoint (normal execution)

VM Mutex/Monitor currently owned by a thread: None

Heap address: 0x0000000080000000, size: 2048 MB, Compressed Oops mode: 32-bit
Narrow klass base: 0x0000000000000000, Narrow klass shift: 3
Compressed class space size: 1073741824 Address: 0x0000000100000000

Heap:
 garbage-first heap   total 257024K, used 203977K [0x0000000080000000, 0x0000000100000000)
  region size 1024K, 33 young (33792K), 4 survivors (4096K)
 Metaspace       used 94963K, capacity 97670K, committed 97744K, reserved 1134592K
  class space    used 12398K, capacity 13410K, committed 13440K, reserved 1048576K
Heap Regions: E=young(eden), S=young(survivor), O=old, HS=humongous(starts), HC=humongous(continues), CS=collection set, F=free, A=archive, TAMS=top-at-mark-start (previous, next)
|   0|0x0000000080000000, 0x0000000080100000, 0x0000000080100000|100%| O|  |TAMS 0x0000000080100000, 0x0000000080000000| Untracked 
|   1|0x0000000080100000, 0x0000000080200000, 0x0000000080200000|100%| O|  |TAMS 0x0000000080200000, 0x0000000080100000| Untracked 
|   2|0x0000000080200000, 0x0000000080300000, 0x0000000080300000|100%| O|  |TAMS 0x0000000080300000, 0x0000000080200000| Untracked 
|   3|0x0000000080300000, 0x0000000080400000, 0x0000000080400000|100%|HS|  |TAMS 0x0000000080400000, 0x0000000080300000| Complete 
|   4|0x0000000080400000, 0x0000000080500000, 0x0000000080500000|100%|HC|  |TAMS 0x0000000080500000, 0x0000000080400000| Complete 
|   5|0x0000000080500000, 0x0000000080600000, 0x0000000080600000|100%|HC|  |TAMS 0x0000000080600000, 0x0000000080500000| Complete 
|   6|0x0000000080600000, 0x0000000080700000, 0x0000000080700000|100%| O|  |TAMS 0x0000000080700000, 0x0000000080600000| Untracked 
|   7|0x0000000080700000, 0x0000000080800000, 0x0000000080800000|100%| O|  |TAMS 0x0000000080800000, 0x0000000080700000| Untracked 
|   8|0x0000000080800000, 0x0000000080900000, 0x0000000080900000|100%| O|  |TAMS 0x0000000080900000, 0x0000000080800000| Untracked 
|   9|0x0000000080900000, 0x0000000080a00000, 0x0000000080a00000|100%| O|  |TAMS 0x0000000080a00000, 0x0000000080900000| Untracked 
|  10|0x0000000080a00000, 0x0000000080b00000, 0x0000000080b00000|100%| O|  |TAMS 0x0000000080b00000, 0x0000000080a00000| Untracked 
|  11|0x0000000080b00000, 0x0000000080c00000, 0x0000000080c00000|100%| O|  |TAMS 0x0000000080c00000, 0x0000000080b00000| Untracked 
|  12|0x0000000080c00000, 0x0000000080d00000, 0x0000000080d00000|100%| O|  |TAMS 0x0000000080d00000, 0x0000000080c00000| Untracked 
|  13|0x0000000080d00000, 0x0000000080e00000, 0x0000000080e00000|100%| O|  |TAMS 0x0000000080e00000, 0x0000000080d00000| Untracked 
|  14|0x0000000080e00000, 0x0000000080f00000, 0x0000000080f00000|100%| O|  |TAMS 0x0000000080f00000, 0x0000000080e00000| Untracked 
|  15|0x0000000080f00000, 0x0000000081000000, 0x0000000081000000|100%| O|  |TAMS 0x0000000081000000, 0x0000000080f00000| Untracked 
|  16|0x0000000081000000, 0x0000000081100000, 0x0000000081100000|100%|HS|  |TAMS 0x0000000081100000, 0x0000000081000000| Complete 
|  17|0x0000000081100000, 0x0000000081200000, 0x0000000081200000|100%|HC|  |TAMS 0x0000000081200000, 0x0000000081100000| Complete 
|  18|0x0000000081200000, 0x0000000081300000, 0x0000000081300000|100%|HS|  |TAMS 0x0000000081300000, 0x0000000081200000| Complete 
|  19|0x0000000081300000, 0x0000000081400000, 0x0000000081400000|100%|HC|  |TAMS 0x0000000081400000, 0x0000000081300000| Complete 
|  20|0x0000000081400000, 0x0000000081500000, 0x0000000081500000|100%|HC|  |TAMS 0x0000000081500000, 0x0000000081400000| Complete 
|  21|0x0000000081500000, 0x0000000081600000, 0x0000000081600000|100%|HS|  |TAMS 0x0000000081600000, 0x0000000081500000| Complete 
|  22|0x0000000081600000, 0x0000000081700000, 0x0000000081700000|100%|HC|  |TAMS 0x0000000081700000, 0x0000000081600000| Complete 
|  23|0x0000000081700000, 0x0000000081800000, 0x0000000081800000|100%|HC|  |TAMS 0x0000000081800000, 0x0000000081700000| Complete 
|  24|0x0000000081800000, 0x0000000081900000, 0x0000000081900000|100%|HS|  |TAMS 0x0000000081900000, 0x0000000081800000| Complete 
|  25|0x0000000081900000, 0x0000000081a00000, 0x0000000081a00000|100%|HC|  |TAMS 0x0000000081a00000, 0x0000000081900000| Complete 
|  26|0x0000000081a00000, 0x0000000081b00000, 0x0000000081b00000|100%|HS|  |TAMS 0x0000000081b00000, 0x0000000081a00000| Complete 
|  27|0x0000000081b00000, 0x0000000081c00000, 0x0000000081c00000|100%|HC|  |TAMS 0x0000000081c00000, 0x0000000081b00000| Complete 
|  28|0x0000000081c00000, 0x0000000081d00000, 0x0000000081d00000|100%|HC|  |TAMS 0x0000000081d00000, 0x0000000081c00000| Complete 
|  29|0x0000000081d00000, 0x0000000081e00000, 0x0000000081e00000|100%|HC|  |TAMS 0x0000000081e00000, 0x0000000081d00000| Complete 
|  30|0x0000000081e00000, 0x0000000081f00000, 0x0000000081f00000|100%|HC|  |TAMS 0x0000000081f00000, 0x0000000081e00000| Complete 
|  31|0x0000000081f00000, 0x0000000082000000, 0x0000000082000000|100%| O|  |TAMS 0x0000000082000000, 0x0000000081f00000| Untracked 
|  32|0x0000000082000000, 0x0000000082100000, 0x0000000082100000|100%| O|  |TAMS 0x0000000082100000, 0x0000000082000000| Untracked 
|  33|0x0000000082100000, 0x0000000082200000, 0x0000000082200000|100%| O|  |TAMS 0x0000000082200000, 0x0000000082100000| Untracked 
|  34|0x0000000082200000, 0x0000000082300000, 0x0000000082300000|100%| O|  |TAMS 0x0000000082300000, 0x0000000082200000| Untracked 
|  35|0x0000000082300000, 0x0000000082400000, 0x0000000082400000|100%| O|  |TAMS 0x0000000082400000, 0x0000000082300000| Untracked 
|  36|0x0000000082400000, 0x0000000082500000, 0x0000000082500000|100%| O|  |TAMS 0x0000000082500000, 0x0000000082400000| Untracked 
|  37|0x0000000082500000, 0x0000000082600000, 0x0000000082600000|100%| O|  |TAMS 0x0000000082600000, 0x0000000082500000| Untracked 
|  38|0x0000000082600000, 0x0000000082700000, 0x0000000082700000|100%| O|  |TAMS 0x0000000082700000, 0x0000000082600000| Untracked 
|  39|0x0000000082700000, 0x0000000082800000, 0x0000000082800000|100%| O|  |TAMS 0x0000000082800000, 0x0000000082700000| Untracked 
|  40|0x0000000082800000, 0x0000000082900000, 0x0000000082900000|100%| O|  |TAMS 0x0000000082900000, 0x0000000082800000| Untracked 
|  41|0x0000000082900000, 0x0000000082a00000, 0x0000000082a00000|100%| O|  |TAMS 0x0000000082a00000, 0x0000000082900000| Untracked 
|  42|0x0000000082a00000, 0x0000000082b00000, 0x0000000082b00000|100%| O|  |TAMS 0x0000000082b00000, 0x0000000082a00000| Untracked 
|  43|0x0000000082b00000, 0x0000000082c00000, 0x0000000082c00000|100%| O|  |TAMS 0x0000000082c00000, 0x0000000082b00000| Untracked 
|  44|0x0000000082c00000, 0x0000000082d00000, 0x0000000082d00000|100%| O|  |TAMS 0x0000000082d00000, 0x0000000082c00000| Untracked 
|  45|0x0000000082d00000, 0x0000000082e00000, 0x0000000082e00000|100%| O|  |TAMS 0x0000000082e00000, 0x0000000082d00000| Untracked 
|  46|0x0000000082e00000, 0x0000000082f00000, 0x0000000082f00000|100%| O|  |TAMS 0x0000000082f00000, 0x0000000082e00000| Untracked 
|  47|0x0000000082f00000, 0x0000000083000000, 0x0000000083000000|100%|HS|  |TAMS 0x0000000083000000, 0x0000000082f00000| Complete 
|  48|0x0000000083000000, 0x0000000083100000, 0x0000000083100000|100%|HC|  |TAMS 0x0000000083100000, 0x0000000083000000| Complete 
|  49|0x0000000083100000, 0x0000000083200000, 0x0000000083200000|100%|HC|  |TAMS 0x0000000083200000, 0x0000000083100000| Complete 
|  50|0x0000000083200000, 0x0000000083300000, 0x0000000083300000|100%|HC|  |TAMS 0x0000000083300000, 0x0000000083200000| Complete 
|  51|0x0000000083300000, 0x0000000083400000, 0x0000000083400000|100%|HC|  |TAMS 0x0000000083400000, 0x0000000083300000| Complete 
|  52|0x0000000083400000, 0x0000000083500000, 0x0000000083500000|100%|HC|  |TAMS 0x0000000083500000, 0x0000000083400000| Complete 
|  53|0x0000000083500000, 0x0000000083600000, 0x0000000083600000|100%|HC|  |TAMS 0x0000000083600000, 0x0000000083500000| Complete 
|  54|0x0000000083600000, 0x0000000083700000, 0x0000000083700000|100%|HC|  |TAMS 0x0000000083700000, 0x0000000083600000| Complete 
|  55|0x0000000083700000, 0x0000000083800000, 0x0000000083800000|100%|HC|  |TAMS 0x0000000083800000, 0x0000000083700000| Complete 
|  56|0x0000000083800000, 0x0000000083900000, 0x0000000083900000|100%|HC|  |TAMS 0x0000000083900000, 0x0000000083800000| Complete 
|  57|0x0000000083900000, 0x0000000083a00000, 0x0000000083a00000|100%|HS|  |TAMS 0x0000000083a00000, 0x0000000083900000| Complete 
|  58|0x0000000083a00000, 0x0000000083b00000, 0x0000000083b00000|100%|HC|  |TAMS 0x0000000083b00000, 0x0000000083a00000| Complete 
|  59|0x0000000083b00000, 0x0000000083c00000, 0x0000000083c00000|100%|HS|  |TAMS 0x0000000083c00000, 0x0000000083b00000| Complete 
|  60|0x0000000083c00000, 0x0000000083d00000, 0x0000000083d00000|100%|HC|  |TAMS 0x0000000083d00000, 0x0000000083c00000| Complete 
|  61|0x0000000083d00000, 0x0000000083e00000, 0x0000000083e00000|100%|HC|  |TAMS 0x0000000083e00000, 0x0000000083d00000| Complete 
|  62|0x0000000083e00000, 0x0000000083f00000, 0x0000000083f00000|100%|HS|  |TAMS 0x0000000083f00000, 0x0000000083e00000| Complete 
|  63|0x0000000083f00000, 0x0000000084000000, 0x0000000084000000|100%|HC|  |TAMS 0x0000000084000000, 0x0000000083f00000| Complete 
|  64|0x0000000084000000, 0x0000000084100000, 0x0000000084100000|100%|HS|  |TAMS 0x0000000084100000, 0x0000000084000000| Complete 
|  65|0x0000000084100000, 0x0000000084200000, 0x0000000084200000|100%|HC|  |TAMS 0x0000000084200000, 0x0000000084100000| Complete 
|  66|0x0000000084200000, 0x0000000084300000, 0x0000000084300000|100%|HC|  |TAMS 0x0000000084300000, 0x0000000084200000| Complete 
|  67|0x0000000084300000, 0x0000000084400000, 0x0000000084400000|100%| O|  |TAMS 0x0000000084400000, 0x0000000084300000| Untracked 
|  68|0x0000000084400000, 0x0000000084500000, 0x0000000084500000|100%| O|  |TAMS 0x0000000084500000, 0x0000000084400000| Untracked 
|  69|0x0000000084500000, 0x0000000084600000, 0x0000000084600000|100%| O|  |TAMS 0x0000000084600000, 0x0000000084500000| Untracked 
|  70|0x0000000084600000, 0x0000000084700000, 0x0000000084700000|100%| O|  |TAMS 0x0000000084700000, 0x0000000084600000| Untracked 
|  71|0x0000000084700000, 0x0000000084800000, 0x0000000084800000|100%| O|  |TAMS 0x0000000084800000, 0x0000000084700000| Untracked 
|  72|0x0000000084800000, 0x0000000084900000, 0x0000000084900000|100%| O|  |TAMS 0x0000000084900000, 0x0000000084800000| Untracked 
|  73|0x0000000084900000, 0x0000000084a00000, 0x0000000084a00000|100%|HS|  |TAMS 0x0000000084a00000, 0x0000000084900000| Complete 
|  74|0x0000000084a00000, 0x0000000084b00000, 0x0000000084b00000|100%|HC|  |TAMS 0x0000000084b00000, 0x0000000084a00000| Complete 
|  75|0x0000000084b00000, 0x0000000084c00000, 0x0000000084c00000|100%|HC|  |TAMS 0x0000000084c00000, 0x0000000084b00000| Complete 
|  76|0x0000000084c00000, 0x0000000084d00000, 0x0000000084d00000|100%|HC|  |TAMS 0x0000000084d00000, 0x0000000084c00000| Complete 
|  77|0x0000000084d00000, 0x0000000084e00000, 0x0000000084e00000|100%|HC|  |TAMS 0x0000000084e00000, 0x0000000084d00000| Complete 
|  78|0x0000000084e00000, 0x0000000084f00000, 0x0000000084f00000|100%| O|  |TAMS 0x0000000084f00000, 0x0000000084e00000| Untracked 
|  79|0x0000000084f00000, 0x0000000085000000, 0x0000000085000000|100%| O|  |TAMS 0x0000000085000000, 0x0000000084f00000| Untracked 
|  80|0x0000000085000000, 0x0000000085100000, 0x0000000085100000|100%| O|  |TAMS 0x0000000085100000, 0x0000000085000000| Untracked 
|  81|0x0000000085100000, 0x0000000085200000, 0x0000000085200000|100%|HS|  |TAMS 0x0000000085200000, 0x0000000085100000| Complete 
|  82|0x0000000085200000, 0x0000000085300000, 0x0000000085300000|100%|HS|  |TAMS 0x0000000085300000, 0x0000000085200000| Complete 
|  83|0x0000000085300000, 0x0000000085400000, 0x0000000085400000|100%|HS|  |TAMS 0x0000000085400000, 0x0000000085300000| Complete 
|  84|0x0000000085400000, 0x0000000085500000, 0x0000000085500000|100%|HC|  |TAMS 0x0000000085500000, 0x0000000085400000| Complete 
|  85|0x0000000085500000, 0x0000000085600000, 0x0000000085600000|100%| O|  |TAMS 0x0000000085600000, 0x0000000085500000| Untracked 
|  86|0x0000000085600000, 0x0000000085700000, 0x0000000085700000|100%| O|  |TAMS 0x0000000085700000, 0x0000000085600000| Untracked 
|  87|0x0000000085700000, 0x0000000085800000, 0x0000000085800000|100%| O|  |TAMS 0x0000000085800000, 0x0000000085700000| Untracked 
|  88|0x0000000085800000, 0x0000000085900000, 0x0000000085900000|100%|HS|  |TAMS 0x0000000085900000, 0x0000000085800000| Complete 
|  89|0x0000000085900000, 0x0000000085a00000, 0x0000000085a00000|100%|HC|  |TAMS 0x0000000085a00000, 0x0000000085900000| Complete 
|  90|0x0000000085a00000, 0x0000000085b00000, 0x0000000085b00000|100%|HC|  |TAMS 0x0000000085b00000, 0x0000000085a00000| Complete 
|  91|0x0000000085b00000, 0x0000000085c00000, 0x0000000085c00000|100%|HC|  |TAMS 0x0000000085c00000, 0x0000000085b00000| Complete 
|  92|0x0000000085c00000, 0x0000000085d00000, 0x0000000085d00000|100%| O|  |TAMS 0x0000000085d00000, 0x0000000085c00000| Untracked 
|  93|0x0000000085d00000, 0x0000000085e00000, 0x0000000085e00000|100%| O|  |TAMS 0x0000000085e00000, 0x0000000085d00000| Untracked 
|  94|0x0000000085e00000, 0x0000000085f00000, 0x0000000085f00000|100%| O|  |TAMS 0x0000000085f00000, 0x0000000085e00000| Untracked 
|  95|0x0000000085f00000, 0x0000000086000000, 0x0000000086000000|100%| O|  |TAMS 0x0000000086000000, 0x0000000085f00000| Untracked 
|  96|0x0000000086000000, 0x0000000086100000, 0x0000000086100000|100%| O|  |TAMS 0x0000000086100000, 0x0000000086000000| Untracked 
|  97|0x0000000086100000, 0x0000000086200000, 0x0000000086200000|100%| O|  |TAMS 0x0000000086200000, 0x0000000086100000| Untracked 
|  98|0x0000000086200000, 0x0000000086300000, 0x0000000086300000|100%| O|  |TAMS 0x0000000086300000, 0x0000000086200000| Untracked 
|  99|0x0000000086300000, 0x0000000086400000, 0x0000000086400000|100%| O|  |TAMS 0x0000000086400000, 0x0000000086300000| Untracked 
| 100|0x0000000086400000, 0x0000000086500000, 0x0000000086500000|100%| O|  |TAMS 0x0000000086500000, 0x0000000086400000| Untracked 
| 101|0x0000000086500000, 0x0000000086600000, 0x0000000086600000|100%| O|  |TAMS 0x0000000086600000, 0x0000000086500000| Untracked 
| 102|0x0000000086600000, 0x0000000086700000, 0x0000000086700000|100%| O|  |TAMS 0x0000000086700000, 0x0000000086600000| Untracked 
| 103|0x0000000086700000, 0x0000000086800000, 0x0000000086800000|100%| O|  |TAMS 0x0000000086800000, 0x0000000086700000| Untracked 
| 104|0x0000000086800000, 0x0000000086900000, 0x0000000086900000|100%| O|  |TAMS 0x0000000086900000, 0x0000000086800000| Untracked 
| 105|0x0000000086900000, 0x0000000086a00000, 0x0000000086a00000|100%| O|  |TAMS 0x0000000086a00000, 0x0000000086900000| Untracked 
| 106|0x0000000086a00000, 0x0000000086b00000, 0x0000000086b00000|100%| O|  |TAMS 0x0000000086b00000, 0x0000000086a00000| Untracked 
| 107|0x0000000086b00000, 0x0000000086c00000, 0x0000000086c00000|100%| O|  |TAMS 0x0000000086c00000, 0x0000000086b00000| Untracked 
| 108|0x0000000086c00000, 0x0000000086d00000, 0x0000000086d00000|100%| O|  |TAMS 0x0000000086d00000, 0x0000000086c00000| Untracked 
| 109|0x0000000086d00000, 0x0000000086e00000, 0x0000000086e00000|100%| O|  |TAMS 0x0000000086e00000, 0x0000000086d00000| Untracked 
| 110|0x0000000086e00000, 0x0000000086f00000, 0x0000000086f00000|100%| O|  |TAMS 0x0000000086f00000, 0x0000000086e00000| Untracked 
| 111|0x0000000086f00000, 0x0000000087000000, 0x0000000087000000|100%| O|  |TAMS 0x0000000087000000, 0x0000000086f00000| Untracked 
| 112|0x0000000087000000, 0x0000000087100000, 0x0000000087100000|100%| O|  |TAMS 0x0000000087100000, 0x0000000087000000| Untracked 
| 113|0x0000000087100000, 0x0000000087200000, 0x0000000087200000|100%| O|  |TAMS 0x0000000087200000, 0x0000000087100000| Untracked 
| 114|0x0000000087200000, 0x0000000087300000, 0x0000000087300000|100%| O|  |TAMS 0x0000000087300000, 0x0000000087200000| Untracked 
| 115|0x0000000087300000, 0x0000000087400000, 0x0000000087400000|100%| O|  |TAMS 0x0000000087400000, 0x0000000087300000| Untracked 
| 116|0x0000000087400000, 0x0000000087500000, 0x0000000087500000|100%| O|  |TAMS 0x0000000087500000, 0x0000000087400000| Untracked 
| 117|0x0000000087500000, 0x0000000087600000, 0x0000000087600000|100%|HS|  |TAMS 0x0000000087600000, 0x0000000087500000| Complete 
| 118|0x0000000087600000, 0x0000000087700000, 0x0000000087700000|100%|HC|  |TAMS 0x0000000087700000, 0x0000000087600000| Complete 
| 119|0x0000000087700000, 0x0000000087800000, 0x0000000087800000|100%|HC|  |TAMS 0x0000000087800000, 0x0000000087700000| Complete 
| 120|0x0000000087800000, 0x0000000087900000, 0x0000000087900000|100%|HC|  |TAMS 0x0000000087900000, 0x0000000087800000| Complete 
| 121|0x0000000087900000, 0x0000000087a00000, 0x0000000087a00000|100%|HC|  |TAMS 0x0000000087a00000, 0x0000000087900000| Complete 
| 122|0x0000000087a00000, 0x0000000087b00000, 0x0000000087b00000|100%|HC|  |TAMS 0x0000000087b00000, 0x0000000087a00000| Complete 
| 123|0x0000000087b00000, 0x0000000087c00000, 0x0000000087c00000|100%|HC|  |TAMS 0x0000000087c00000, 0x0000000087b00000| Complete 
| 124|0x0000000087c00000, 0x0000000087d00000, 0x0000000087d00000|100%|HC|  |TAMS 0x0000000087d00000, 0x0000000087c00000| Complete 
| 125|0x0000000087d00000, 0x0000000087e00000, 0x0000000087e00000|100%|HC|  |TAMS 0x0000000087e00000, 0x0000000087d00000| Complete 
| 126|0x0000000087e00000, 0x0000000087f00000, 0x0000000087f00000|100%|HC|  |TAMS 0x0000000087f00000, 0x0000000087e00000| Complete 
| 127|0x0000000087f00000, 0x0000000088000000, 0x0000000088000000|100%|HS|  |TAMS 0x0000000088000000, 0x0000000087f00000| Complete 
| 128|0x0000000088000000, 0x0000000088100000, 0x0000000088100000|100%|HC|  |TAMS 0x0000000088100000, 0x0000000088000000| Complete 
| 129|0x0000000088100000, 0x0000000088200000, 0x0000000088200000|100%|HS|  |TAMS 0x0000000088200000, 0x0000000088100000| Complete 
| 130|0x0000000088200000, 0x0000000088300000, 0x0000000088300000|100%|HC|  |TAMS 0x0000000088300000, 0x0000000088200000| Complete 
| 131|0x0000000088300000, 0x0000000088400000, 0x0000000088400000|100%|HS|  |TAMS 0x0000000088400000, 0x0000000088300000| Complete 
| 132|0x0000000088400000, 0x0000000088500000, 0x0000000088500000|100%|HC|  |TAMS 0x0000000088500000, 0x0000000088400000| Complete 
| 133|0x0000000088500000, 0x0000000088600000, 0x0000000088600000|100%| O|  |TAMS 0x0000000088600000, 0x0000000088500000| Untracked 
| 134|0x0000000088600000, 0x0000000088700000, 0x0000000088700000|100%| O|  |TAMS 0x0000000088700000, 0x0000000088600000| Untracked 
| 135|0x0000000088700000, 0x0000000088800000, 0x0000000088800000|100%| O|  |TAMS 0x0000000088800000, 0x0000000088700000| Untracked 
| 136|0x0000000088800000, 0x0000000088900000, 0x0000000088900000|100%| O|  |TAMS 0x0000000088900000, 0x0000000088800000| Untracked 
| 137|0x0000000088900000, 0x0000000088a00000, 0x0000000088a00000|100%| O|  |TAMS 0x0000000088a00000, 0x0000000088900000| Untracked 
| 138|0x0000000088a00000, 0x0000000088b00000, 0x0000000088b00000|100%|HS|  |TAMS 0x0000000088b00000, 0x0000000088a00000| Complete 
| 139|0x0000000088b00000, 0x0000000088c00000, 0x0000000088c00000|100%|HC|  |TAMS 0x0000000088c00000, 0x0000000088b00000| Complete 
| 140|0x0000000088c00000, 0x0000000088d00000, 0x0000000088d00000|100%|HC|  |TAMS 0x0000000088d00000, 0x0000000088c00000| Complete 
| 141|0x0000000088d00000, 0x0000000088e00000, 0x0000000088e00000|100%|HS|  |TAMS 0x0000000088e00000, 0x0000000088d00000| Complete 
| 142|0x0000000088e00000, 0x0000000088f00000, 0x0000000088f00000|100%|HC|  |TAMS 0x0000000088f00000, 0x0000000088e00000| Complete 
| 143|0x0000000088f00000, 0x0000000089000000, 0x0000000089000000|100%|HC|  |TAMS 0x0000000089000000, 0x0000000088f00000| Complete 
| 144|0x0000000089000000, 0x0000000089100000, 0x0000000089100000|100%| O|  |TAMS 0x0000000089100000, 0x0000000089000000| Untracked 
| 145|0x0000000089100000, 0x0000000089200000, 0x0000000089200000|100%|HS|  |TAMS 0x0000000089200000, 0x0000000089100000| Complete 
| 146|0x0000000089200000, 0x0000000089300000, 0x0000000089300000|100%|HC|  |TAMS 0x0000000089300000, 0x0000000089200000| Complete 
| 147|0x0000000089300000, 0x0000000089400000, 0x0000000089400000|100%| O|  |TAMS 0x0000000089400000, 0x0000000089300000| Untracked 
| 148|0x0000000089400000, 0x0000000089498a00, 0x0000000089500000| 59%| O|  |TAMS 0x0000000089498a00, 0x0000000089400000| Untracked 
| 149|0x0000000089500000, 0x0000000089500000, 0x0000000089600000|  0%| F|  |TAMS 0x0000000089500000, 0x0000000089500000| Untracked 
| 150|0x0000000089600000, 0x0000000089600000, 0x0000000089700000|  0%| F|  |TAMS 0x0000000089600000, 0x0000000089600000| Untracked 
| 151|0x0000000089700000, 0x0000000089800000, 0x0000000089800000|100%|HS|  |TAMS 0x0000000089800000, 0x0000000089700000| Complete 
| 152|0x0000000089800000, 0x0000000089900000, 0x0000000089900000|100%|HC|  |TAMS 0x0000000089900000, 0x0000000089800000| Complete 
| 153|0x0000000089900000, 0x0000000089a00000, 0x0000000089a00000|100%|HC|  |TAMS 0x0000000089a00000, 0x0000000089900000| Complete 
| 154|0x0000000089a00000, 0x0000000089b00000, 0x0000000089b00000|100%|HC|  |TAMS 0x0000000089b00000, 0x0000000089a00000| Complete 
| 155|0x0000000089b00000, 0x0000000089c00000, 0x0000000089c00000|100%|HC|  |TAMS 0x0000000089c00000, 0x0000000089b00000| Complete 
| 156|0x0000000089c00000, 0x0000000089c00000, 0x0000000089d00000|  0%| F|  |TAMS 0x0000000089c00000, 0x0000000089c00000| Untracked 
| 157|0x0000000089d00000, 0x0000000089d00000, 0x0000000089e00000|  0%| F|  |TAMS 0x0000000089d00000, 0x0000000089d00000| Untracked 
| 158|0x0000000089e00000, 0x0000000089e00000, 0x0000000089f00000|  0%| F|  |TAMS 0x0000000089e00000, 0x0000000089e00000| Untracked 
| 159|0x0000000089f00000, 0x000000008a000000, 0x000000008a000000|100%|HS|  |TAMS 0x000000008a000000, 0x0000000089f00000| Complete 
| 160|0x000000008a000000, 0x000000008a100000, 0x000000008a100000|100%|HC|  |TAMS 0x000000008a100000, 0x000000008a000000| Complete 
| 161|0x000000008a100000, 0x000000008a200000, 0x000000008a200000|100%|HC|  |TAMS 0x000000008a200000, 0x000000008a100000| Complete 
| 162|0x000000008a200000, 0x000000008a300000, 0x000000008a300000|100%|HC|  |TAMS 0x000000008a300000, 0x000000008a200000| Complete 
| 163|0x000000008a300000, 0x000000008a400000, 0x000000008a400000|100%|HC|  |TAMS 0x000000008a400000, 0x000000008a300000| Complete 
| 164|0x000000008a400000, 0x000000008a500000, 0x000000008a500000|100%|HC|  |TAMS 0x000000008a500000, 0x000000008a400000| Complete 
| 165|0x000000008a500000, 0x000000008a600000, 0x000000008a600000|100%|HC|  |TAMS 0x000000008a600000, 0x000000008a500000| Complete 
| 166|0x000000008a600000, 0x000000008a700000, 0x000000008a700000|100%|HC|  |TAMS 0x000000008a700000, 0x000000008a600000| Complete 
| 167|0x000000008a700000, 0x000000008a800000, 0x000000008a800000|100%|HC|  |TAMS 0x000000008a800000, 0x000000008a700000| Complete 
| 168|0x000000008a800000, 0x000000008a900000, 0x000000008a900000|100%|HC|  |TAMS 0x000000008a900000, 0x000000008a800000| Complete 
| 169|0x000000008a900000, 0x000000008aa00000, 0x000000008aa00000|100%| O|  |TAMS 0x000000008aa00000, 0x000000008a900000| Untracked 
| 170|0x000000008aa00000, 0x000000008ab00000, 0x000000008ab00000|100%| O|  |TAMS 0x000000008ab00000, 0x000000008aa00000| Untracked 
| 171|0x000000008ab00000, 0x000000008ac00000, 0x000000008ac00000|100%| O|  |TAMS 0x000000008ac00000, 0x000000008ab00000| Untracked 
| 172|0x000000008ac00000, 0x000000008ac00000, 0x000000008ad00000|  0%| F|  |TAMS 0x000000008ac00000, 0x000000008ac00000| Untracked 
| 173|0x000000008ad00000, 0x000000008ae00000, 0x000000008ae00000|100%| O|  |TAMS 0x000000008ae00000, 0x000000008ad00000| Untracked 
| 174|0x000000008ae00000, 0x000000008ae00000, 0x000000008af00000|  0%| F|  |TAMS 0x000000008ae00000, 0x000000008ae00000| Untracked 
| 175|0x000000008af00000, 0x000000008af00000, 0x000000008b000000|  0%| F|  |TAMS 0x000000008af00000, 0x000000008af00000| Untracked 
| 176|0x000000008b000000, 0x000000008b000000, 0x000000008b100000|  0%| F|  |TAMS 0x000000008b000000, 0x000000008b000000| Untracked 
| 177|0x000000008b100000, 0x000000008b100000, 0x000000008b200000|  0%| F|  |TAMS 0x000000008b100000, 0x000000008b100000| Untracked 
| 178|0x000000008b200000, 0x000000008b200000, 0x000000008b300000|  0%| F|  |TAMS 0x000000008b200000, 0x000000008b200000| Untracked 
| 179|0x000000008b300000, 0x000000008b300000, 0x000000008b400000|  0%| F|  |TAMS 0x000000008b300000, 0x000000008b300000| Untracked 
| 180|0x000000008b400000, 0x000000008b400000, 0x000000008b500000|  0%| F|  |TAMS 0x000000008b400000, 0x000000008b400000| Untracked 
| 181|0x000000008b500000, 0x000000008b500000, 0x000000008b600000|  0%| F|  |TAMS 0x000000008b500000, 0x000000008b500000| Untracked 
| 182|0x000000008b600000, 0x000000008b600000, 0x000000008b700000|  0%| F|  |TAMS 0x000000008b600000, 0x000000008b600000| Untracked 
| 183|0x000000008b700000, 0x000000008b700000, 0x000000008b800000|  0%| F|  |TAMS 0x000000008b700000, 0x000000008b700000| Untracked 
| 184|0x000000008b800000, 0x000000008b800000, 0x000000008b900000|  0%| F|  |TAMS 0x000000008b800000, 0x000000008b800000| Untracked 
| 185|0x000000008b900000, 0x000000008b900000, 0x000000008ba00000|  0%| F|  |TAMS 0x000000008b900000, 0x000000008b900000| Untracked 
| 186|0x000000008ba00000, 0x000000008ba00000, 0x000000008bb00000|  0%| F|  |TAMS 0x000000008ba00000, 0x000000008ba00000| Untracked 
| 187|0x000000008bb00000, 0x000000008bb00000, 0x000000008bc00000|  0%| F|  |TAMS 0x000000008bb00000, 0x000000008bb00000| Untracked 
| 188|0x000000008bc00000, 0x000000008bc00000, 0x000000008bd00000|  0%| F|  |TAMS 0x000000008bc00000, 0x000000008bc00000| Untracked 
| 189|0x000000008bd00000, 0x000000008bd00000, 0x000000008be00000|  0%| F|  |TAMS 0x000000008bd00000, 0x000000008bd00000| Untracked 
| 190|0x000000008be00000, 0x000000008be00000, 0x000000008bf00000|  0%| F|  |TAMS 0x000000008be00000, 0x000000008be00000| Untracked 
| 191|0x000000008bf00000, 0x000000008bf00000, 0x000000008c000000|  0%| F|  |TAMS 0x000000008bf00000, 0x000000008bf00000| Untracked 
| 192|0x000000008c000000, 0x000000008c000000, 0x000000008c100000|  0%| F|  |TAMS 0x000000008c000000, 0x000000008c000000| Untracked 
| 193|0x000000008c100000, 0x000000008c100000, 0x000000008c200000|  0%| F|  |TAMS 0x000000008c100000, 0x000000008c100000| Untracked 
| 194|0x000000008c200000, 0x000000008c200000, 0x000000008c300000|  0%| F|  |TAMS 0x000000008c200000, 0x000000008c200000| Untracked 
| 195|0x000000008c300000, 0x000000008c300000, 0x000000008c400000|  0%| F|  |TAMS 0x000000008c300000, 0x000000008c300000| Untracked 
| 196|0x000000008c400000, 0x000000008c400000, 0x000000008c500000|  0%| F|  |TAMS 0x000000008c400000, 0x000000008c400000| Untracked 
| 197|0x000000008c500000, 0x000000008c500000, 0x000000008c600000|  0%| F|  |TAMS 0x000000008c500000, 0x000000008c500000| Untracked 
| 198|0x000000008c600000, 0x000000008c600000, 0x000000008c700000|  0%| F|  |TAMS 0x000000008c600000, 0x000000008c600000| Untracked 
| 199|0x000000008c700000, 0x000000008c700000, 0x000000008c800000|  0%| F|  |TAMS 0x000000008c700000, 0x000000008c700000| Untracked 
| 200|0x000000008c800000, 0x000000008c800000, 0x000000008c900000|  0%| F|  |TAMS 0x000000008c800000, 0x000000008c800000| Untracked 
| 201|0x000000008c900000, 0x000000008c900000, 0x000000008ca00000|  0%| F|  |TAMS 0x000000008c900000, 0x000000008c900000| Untracked 
| 202|0x000000008ca00000, 0x000000008ca00000, 0x000000008cb00000|  0%| F|  |TAMS 0x000000008ca00000, 0x000000008ca00000| Untracked 
| 203|0x000000008cb00000, 0x000000008cb00000, 0x000000008cc00000|  0%| F|  |TAMS 0x000000008cb00000, 0x000000008cb00000| Untracked 
| 204|0x000000008cc00000, 0x000000008cc00000, 0x000000008cd00000|  0%| F|  |TAMS 0x000000008cc00000, 0x000000008cc00000| Untracked 
| 205|0x000000008cd00000, 0x000000008cd00000, 0x000000008ce00000|  0%| F|  |TAMS 0x000000008cd00000, 0x000000008cd00000| Untracked 
| 206|0x000000008ce00000, 0x000000008ce00000, 0x000000008cf00000|  0%| F|  |TAMS 0x000000008ce00000, 0x000000008ce00000| Untracked 
| 207|0x000000008cf00000, 0x000000008cf00000, 0x000000008d000000|  0%| F|  |TAMS 0x000000008cf00000, 0x000000008cf00000| Untracked 
| 208|0x000000008d000000, 0x000000008d000000, 0x000000008d100000|  0%| F|  |TAMS 0x000000008d000000, 0x000000008d000000| Untracked 
| 209|0x000000008d100000, 0x000000008d100000, 0x000000008d200000|  0%| F|  |TAMS 0x000000008d100000, 0x000000008d100000| Untracked 
| 210|0x000000008d200000, 0x000000008d200000, 0x000000008d300000|  0%| F|  |TAMS 0x000000008d200000, 0x000000008d200000| Untracked 
| 211|0x000000008d300000, 0x000000008d300000, 0x000000008d400000|  0%| F|  |TAMS 0x000000008d300000, 0x000000008d300000| Untracked 
| 212|0x000000008d400000, 0x000000008d400000, 0x000000008d500000|  0%| F|  |TAMS 0x000000008d400000, 0x000000008d400000| Untracked 
| 213|0x000000008d500000, 0x000000008d500000, 0x000000008d600000|  0%| F|  |TAMS 0x000000008d500000, 0x000000008d500000| Untracked 
| 214|0x000000008d600000, 0x000000008d699dd0, 0x000000008d700000| 60%| S|CS|TAMS 0x000000008d600000, 0x000000008d600000| Complete 
| 215|0x000000008d700000, 0x000000008d800000, 0x000000008d800000|100%| S|CS|TAMS 0x000000008d700000, 0x000000008d700000| Complete 
| 216|0x000000008d800000, 0x000000008d900000, 0x000000008d900000|100%| S|CS|TAMS 0x000000008d800000, 0x000000008d800000| Complete 
| 217|0x000000008d900000, 0x000000008da00000, 0x000000008da00000|100%| S|CS|TAMS 0x000000008d900000, 0x000000008d900000| Complete 
| 218|0x000000008da00000, 0x000000008da00000, 0x000000008db00000|  0%| F|  |TAMS 0x000000008da00000, 0x000000008da00000| Untracked 
| 219|0x000000008db00000, 0x000000008db00000, 0x000000008dc00000|  0%| F|  |TAMS 0x000000008db00000, 0x000000008db00000| Untracked 
| 220|0x000000008dc00000, 0x000000008dc00000, 0x000000008dd00000|  0%| F|  |TAMS 0x000000008dc00000, 0x000000008dc00000| Untracked 
| 221|0x000000008dd00000, 0x000000008dd00000, 0x000000008de00000|  0%| F|  |TAMS 0x000000008dd00000, 0x000000008dd00000| Untracked 
| 222|0x000000008de00000, 0x000000008df00000, 0x000000008df00000|100%| E|  |TAMS 0x000000008de00000, 0x000000008de00000| Complete 
| 223|0x000000008df00000, 0x000000008e000000, 0x000000008e000000|100%| E|CS|TAMS 0x000000008df00000, 0x000000008df00000| Complete 
| 224|0x000000008e000000, 0x000000008e100000, 0x000000008e100000|100%| E|CS|TAMS 0x000000008e000000, 0x000000008e000000| Complete 
| 225|0x000000008e100000, 0x000000008e200000, 0x000000008e200000|100%| E|CS|TAMS 0x000000008e100000, 0x000000008e100000| Complete 
| 226|0x000000008e200000, 0x000000008e300000, 0x000000008e300000|100%| E|CS|TAMS 0x000000008e200000, 0x000000008e200000| Complete 
| 227|0x000000008e300000, 0x000000008e400000, 0x000000008e400000|100%| E|CS|TAMS 0x000000008e300000, 0x000000008e300000| Complete 
| 228|0x000000008e400000, 0x000000008e500000, 0x000000008e500000|100%| E|CS|TAMS 0x000000008e400000, 0x000000008e400000| Complete 
| 229|0x000000008e500000, 0x000000008e600000, 0x000000008e600000|100%| E|CS|TAMS 0x000000008e500000, 0x000000008e500000| Complete 
| 230|0x000000008e600000, 0x000000008e700000, 0x000000008e700000|100%| E|CS|TAMS 0x000000008e600000, 0x000000008e600000| Complete 
| 231|0x000000008e700000, 0x000000008e800000, 0x000000008e800000|100%| E|CS|TAMS 0x000000008e700000, 0x000000008e700000| Complete 
| 232|0x000000008e800000, 0x000000008e900000, 0x000000008e900000|100%| E|CS|TAMS 0x000000008e800000, 0x000000008e800000| Complete 
| 233|0x000000008e900000, 0x000000008ea00000, 0x000000008ea00000|100%| E|CS|TAMS 0x000000008e900000, 0x000000008e900000| Complete 
| 234|0x000000008ea00000, 0x000000008eb00000, 0x000000008eb00000|100%| E|CS|TAMS 0x000000008ea00000, 0x000000008ea00000| Complete 
| 235|0x000000008eb00000, 0x000000008ec00000, 0x000000008ec00000|100%| E|CS|TAMS 0x000000008eb00000, 0x000000008eb00000| Complete 
| 236|0x000000008ec00000, 0x000000008ed00000, 0x000000008ed00000|100%| E|CS|TAMS 0x000000008ec00000, 0x000000008ec00000| Complete 
| 237|0x000000008ed00000, 0x000000008ee00000, 0x000000008ee00000|100%| E|CS|TAMS 0x000000008ed00000, 0x000000008ed00000| Complete 
| 238|0x000000008ee00000, 0x000000008ef00000, 0x000000008ef00000|100%| E|CS|TAMS 0x000000008ee00000, 0x000000008ee00000| Complete 
| 239|0x000000008ef00000, 0x000000008f000000, 0x000000008f000000|100%| E|CS|TAMS 0x000000008ef00000, 0x000000008ef00000| Complete 
| 240|0x000000008f000000, 0x000000008f100000, 0x000000008f100000|100%| E|CS|TAMS 0x000000008f000000, 0x000000008f000000| Complete 
| 241|0x000000008f100000, 0x000000008f200000, 0x000000008f200000|100%| E|CS|TAMS 0x000000008f100000, 0x000000008f100000| Complete 
| 242|0x000000008f200000, 0x000000008f300000, 0x000000008f300000|100%| E|CS|TAMS 0x000000008f200000, 0x000000008f200000| Complete 
| 243|0x000000008f300000, 0x000000008f400000, 0x000000008f400000|100%| E|CS|TAMS 0x000000008f300000, 0x000000008f300000| Complete 
| 244|0x000000008f400000, 0x000000008f500000, 0x000000008f500000|100%| E|CS|TAMS 0x000000008f400000, 0x000000008f400000| Complete 
| 245|0x000000008f500000, 0x000000008f600000, 0x000000008f600000|100%| E|CS|TAMS 0x000000008f500000, 0x000000008f500000| Complete 
| 246|0x000000008f600000, 0x000000008f700000, 0x000000008f700000|100%| E|CS|TAMS 0x000000008f600000, 0x000000008f600000| Complete 
| 247|0x000000008f700000, 0x000000008f800000, 0x000000008f800000|100%| E|CS|TAMS 0x000000008f700000, 0x000000008f700000| Complete 
| 248|0x000000008f800000, 0x000000008f900000, 0x000000008f900000|100%| E|CS|TAMS 0x000000008f800000, 0x000000008f800000| Complete 
| 249|0x000000008f900000, 0x000000008fa00000, 0x000000008fa00000|100%| E|CS|TAMS 0x000000008f900000, 0x000000008f900000| Complete 
| 250|0x000000008fa00000, 0x000000008fb00000, 0x000000008fb00000|100%| E|CS|TAMS 0x000000008fa00000, 0x000000008fa00000| Complete 

Card table byte_map: [0x0000024af2f70000,0x0000024af3370000] _byte_map_base: 0x0000024af2b70000

Marking Bits (Prev, Next): (CMBitMap*) 0x0000024aeed50608, (CMBitMap*) 0x0000024aeed50640
 Prev Bits: [0x0000024af3770000, 0x0000024af5770000)
 Next Bits: [0x0000024af5770000, 0x0000024af7770000)

Polling page: 0x0000024aecc70000

Metaspace:

Usage:
  Non-class:     82.41 MB capacity,    80.67 MB ( 98%) used,     1.46 MB (  2%) free+waste,   283.75 KB ( <1%) overhead. 
      Class:     13.10 MB capacity,    12.11 MB ( 92%) used,   872.51 KB (  7%) free+waste,   133.38 KB ( <1%) overhead. 
       Both:     95.51 MB capacity,    92.79 MB ( 97%) used,     2.31 MB (  2%) free+waste,   417.12 KB ( <1%) overhead. 

Virtual space:
  Non-class space:       84.00 MB reserved,      82.58 MB ( 98%) committed 
      Class space:        1.00 GB reserved,      13.12 MB (  1%) committed 
             Both:        1.08 GB reserved,      95.70 MB (  9%) committed 

Chunk freelists:
   Non-Class:  44.00 KB
       Class:  30.00 KB
        Both:  74.00 KB

MaxMetaspaceSize: 17179869184.00 GB
CompressedClassSpaceSize: 1.00 GB
Initial GC threshold: 20.80 MB
Current GC threshold: 155.13 MB
CDS: off

CodeHeap 'non-profiled nmethods': size=120000Kb used=5527Kb max_used=5527Kb free=114472Kb
 bounds [0x0000024a87ad0000, 0x0000024a88040000, 0x0000024a8f000000]
CodeHeap 'profiled nmethods': size=120000Kb used=20896Kb max_used=20896Kb free=99103Kb
 bounds [0x0000024a805a0000, 0x0000024a81a10000, 0x0000024a87ad0000]
CodeHeap 'non-nmethods': size=5760Kb used=2399Kb max_used=2434Kb free=3360Kb
 bounds [0x0000024a80000000, 0x0000024a80270000, 0x0000024a805a0000]
 total_blobs=10426 nmethods=9500 adapters=838
 compilation: enabled
              stopped_count=0, restarted_count=0
 full_count=0

Compilation events (20 events):
Event: 40.263 Thread 0x0000024afa1e0800 9587       3       com.android.build.api.artifact.impl.ArtifactContainer::get (10 bytes)
Event: 40.264 Thread 0x0000024afa1e0800 nmethod 9587 0x0000024a81a04b90 code [0x0000024a81a04d40, 0x0000024a81a04f08]
Event: 40.271 Thread 0x0000024afa1e0800 9588       3       java.lang.Character::valueOf (21 bytes)
Event: 40.271 Thread 0x0000024afa1e0800 nmethod 9588 0x0000024a81a05010 code [0x0000024a81a051e0, 0x0000024a81a05458]
Event: 40.272 Thread 0x0000024afa1e0800 9590       2       com.google.common.base.Preconditions::checkArgument (17 bytes)
Event: 40.273 Thread 0x0000024afa1e0800 nmethod 9590 0x0000024a81a05590 code [0x0000024a81a05760, 0x0000024a81a05938]
Event: 40.274 Thread 0x0000024afa1e0800 9591       2       org.gradle.api.internal.project.DefaultProject_Decorated::getMetaClass (29 bytes)
Event: 40.275 Thread 0x0000024afa1e0800 nmethod 9591 0x0000024a81a05a90 code [0x0000024a81a05c60, 0x0000024a81a05e58]
Event: 40.281 Thread 0x0000024afa1e0800 9592       2       java.util.Iterator::forEachRemaining (30 bytes)
Event: 40.282 Thread 0x0000024afa1e0800 nmethod 9592 0x0000024a81a05f90 code [0x0000024a81a06180, 0x0000024a81a06418]
Event: 40.313 Thread 0x0000024afa1e0800 9593       2       org.gradle.internal.event.DefaultListenerManager::createAnonymousBroadcaster (29 bytes)
Event: 40.314 Thread 0x0000024afa1e0800 nmethod 9593 0x0000024a81a06590 code [0x0000024a81a06780, 0x0000024a81a06b48]
Event: 40.314 Thread 0x0000024afa1e0800 9594       2       org.gradle.internal.event.AnonymousListenerBroadcast::<init> (6 bytes)
Event: 40.315 Thread 0x0000024afa1e0800 nmethod 9594 0x0000024a81a06d10 code [0x0000024a81a06ec0, 0x0000024a81a07138]
Event: 40.434 Thread 0x0000024afa1e0800 9598       2       org.gradle.internal.serialize.kryo.KryoBackedEncoder::writeSmallLong (11 bytes)
Event: 40.435 Thread 0x0000024afa1e0800 nmethod 9598 0x0000024a81a07210 code [0x0000024a81a073c0, 0x0000024a81a074e8]
Event: 40.458 Thread 0x0000024afa1e0800 9599       2       java.lang.Module::getClassLoader (20 bytes)
Event: 40.459 Thread 0x0000024afa1e0800 nmethod 9599 0x0000024a81a07610 code [0x0000024a81a077c0, 0x0000024a81a07908]
Event: 40.469 Thread 0x0000024afa1e0800 9600       1       java.util.concurrent.atomic.AtomicReference::set (6 bytes)
Event: 40.469 Thread 0x0000024afa1e0800 nmethod 9600 0x0000024a88035c10 code [0x0000024a88035dc0, 0x0000024a88035ed8]

GC Heap History (20 events):
Event: 33.285 GC heap before
{Heap before GC invocations=75 (full 0):
 garbage-first heap   total 214016K, used 181332K [0x0000000080000000, 0x0000000100000000)
  region size 1024K, 13 young (13312K), 2 survivors (2048K)
 Metaspace       used 81751K, capacity 83967K, committed 84048K, reserved 1122304K
  class space    used 10690K, capacity 11509K, committed 11520K, reserved 1048576K
}
Event: 33.288 GC heap after
{Heap after GC invocations=76 (full 0):
 garbage-first heap   total 214016K, used 170022K [0x0000000080000000, 0x0000000100000000)
  region size 1024K, 1 young (1024K), 1 survivors (1024K)
 Metaspace       used 81751K, capacity 83967K, committed 84048K, reserved 1122304K
  class space    used 10690K, capacity 11509K, committed 11520K, reserved 1048576K
}
Event: 33.364 GC heap before
{Heap before GC invocations=76 (full 0):
 garbage-first heap   total 214016K, used 182310K [0x0000000080000000, 0x0000000100000000)
  region size 1024K, 13 young (13312K), 1 survivors (1024K)
 Metaspace       used 82157K, capacity 84325K, committed 84432K, reserved 1122304K
  class space    used 10732K, capacity 11543K, committed 11648K, reserved 1048576K
}
Event: 33.366 GC heap after
{Heap after GC invocations=77 (full 0):
 garbage-first heap   total 214016K, used 170309K [0x0000000080000000, 0x0000000100000000)
  region size 1024K, 1 young (1024K), 1 survivors (1024K)
 Metaspace       used 82157K, capacity 84325K, committed 84432K, reserved 1122304K
  class space    used 10732K, capacity 11543K, committed 11648K, reserved 1048576K
}
Event: 33.427 GC heap before
{Heap before GC invocations=78 (full 0):
 garbage-first heap   total 214016K, used 183621K [0x0000000080000000, 0x0000000100000000)
  region size 1024K, 14 young (14336K), 1 survivors (1024K)
 Metaspace       used 82481K, capacity 84654K, committed 84944K, reserved 1122304K
  class space    used 10783K, capacity 11610K, committed 11648K, reserved 1048576K
}
Event: 33.430 GC heap after
{Heap after GC invocations=79 (full 0):
 garbage-first heap   total 214016K, used 170717K [0x0000000080000000, 0x0000000100000000)
  region size 1024K, 2 young (2048K), 2 survivors (2048K)
 Metaspace       used 82481K, capacity 84654K, committed 84944K, reserved 1122304K
  class space    used 10783K, capacity 11610K, committed 11648K, reserved 1048576K
}
Event: 33.854 GC heap before
{Heap before GC invocations=79 (full 0):
 garbage-first heap   total 214016K, used 184029K [0x0000000080000000, 0x0000000100000000)
  region size 1024K, 15 young (15360K), 2 survivors (2048K)
 Metaspace       used 82646K, capacity 84868K, committed 84944K, reserved 1122304K
  class space    used 10790K, capacity 11611K, committed 11648K, reserved 1048576K
}
Event: 33.859 GC heap after
{Heap after GC invocations=80 (full 0):
 garbage-first heap   total 214016K, used 171161K [0x0000000080000000, 0x0000000100000000)
  region size 1024K, 2 young (2048K), 2 survivors (2048K)
 Metaspace       used 82646K, capacity 84868K, committed 84944K, reserved 1122304K
  class space    used 10790K, capacity 11611K, committed 11648K, reserved 1048576K
}
Event: 34.174 GC heap before
{Heap before GC invocations=81 (full 0):
 garbage-first heap   total 214016K, used 183449K [0x0000000080000000, 0x0000000100000000)
  region size 1024K, 15 young (15360K), 2 survivors (2048K)
 Metaspace       used 83312K, capacity 85693K, committed 85840K, reserved 1124352K
  class space    used 10871K, capacity 11753K, committed 11776K, reserved 1048576K
}
Event: 34.180 GC heap after
{Heap after GC invocations=82 (full 0):
 garbage-first heap   total 214016K, used 171671K [0x0000000080000000, 0x0000000100000000)
  region size 1024K, 2 young (2048K), 2 survivors (2048K)
 Metaspace       used 83312K, capacity 85693K, committed 85840K, reserved 1124352K
  class space    used 10871K, capacity 11753K, committed 11776K, reserved 1048576K
}
Event: 34.345 GC heap before
{Heap before GC invocations=82 (full 0):
 garbage-first heap   total 214016K, used 178839K [0x0000000080000000, 0x0000000100000000)
  region size 1024K, 11 young (11264K), 2 survivors (2048K)
 Metaspace       used 83872K, capacity 86308K, committed 86480K, reserved 1124352K
  class space    used 10923K, capacity 11850K, committed 11904K, reserved 1048576K
}
Event: 34.350 GC heap after
{Heap after GC invocations=83 (full 0):
 garbage-first heap   total 214016K, used 172629K [0x0000000080000000, 0x0000000100000000)
  region size 1024K, 2 young (2048K), 2 survivors (2048K)
 Metaspace       used 83872K, capacity 86308K, committed 86480K, reserved 1124352K
  class space    used 10923K, capacity 11850K, committed 11904K, reserved 1048576K
}
Event: 34.757 GC heap before
{Heap before GC invocations=84 (full 0):
 garbage-first heap   total 214016K, used 184917K [0x0000000080000000, 0x0000000100000000)
  region size 1024K, 14 young (14336K), 2 survivors (2048K)
 Metaspace       used 85602K, capacity 88112K, committed 88400K, reserved 1126400K
  class space    used 11072K, capacity 11982K, committed 12032K, reserved 1048576K
}
Event: 34.760 GC heap after
{Heap after GC invocations=85 (full 0):
 garbage-first heap   total 214016K, used 172356K [0x0000000080000000, 0x0000000100000000)
  region size 1024K, 1 young (1024K), 1 survivors (1024K)
 Metaspace       used 85602K, capacity 88112K, committed 88400K, reserved 1126400K
  class space    used 11072K, capacity 11982K, committed 12032K, reserved 1048576K
}
Event: 35.166 GC heap before
{Heap before GC invocations=85 (full 0):
 garbage-first heap   total 214016K, used 185668K [0x0000000080000000, 0x0000000100000000)
  region size 1024K, 14 young (14336K), 1 survivors (1024K)
 Metaspace       used 87189K, capacity 89670K, committed 89936K, reserved 1126400K
  class space    used 11293K, capacity 12179K, committed 12288K, reserved 1048576K
}
Event: 35.174 GC heap after
{Heap after GC invocations=86 (full 0):
 garbage-first heap   total 214016K, used 172657K [0x0000000080000000, 0x0000000100000000)
  region size 1024K, 2 young (2048K), 2 survivors (2048K)
 Metaspace       used 87189K, capacity 89670K, committed 89936K, reserved 1126400K
  class space    used 11293K, capacity 12179K, committed 12288K, reserved 1048576K
}
Event: 37.220 GC heap before
{Heap before GC invocations=87 (full 0):
 garbage-first heap   total 214016K, used 185969K [0x0000000080000000, 0x0000000100000000)
  region size 1024K, 15 young (15360K), 2 survivors (2048K)
 Metaspace       used 88452K, capacity 90984K, committed 91216K, reserved 1128448K
  class space    used 11503K, capacity 12417K, committed 12544K, reserved 1048576K
}
Event: 37.225 GC heap after
{Heap after GC invocations=88 (full 0):
 garbage-first heap   total 257024K, used 173275K [0x0000000080000000, 0x0000000100000000)
  region size 1024K, 2 young (2048K), 2 survivors (2048K)
 Metaspace       used 88452K, capacity 90984K, committed 91216K, reserved 1128448K
  class space    used 11503K, capacity 12417K, committed 12544K, reserved 1048576K
}
Event: 38.867 GC heap before
{Heap before GC invocations=88 (full 0):
 garbage-first heap   total 257024K, used 207067K [0x0000000080000000, 0x0000000100000000)
  region size 1024K, 35 young (35840K), 2 survivors (2048K)
 Metaspace       used 92454K, capacity 94994K, committed 95312K, reserved 1132544K
  class space    used 12019K, capacity 12951K, committed 13056K, reserved 1048576K
}
Event: 38.874 GC heap after
{Heap after GC invocations=89 (full 0):
 garbage-first heap   total 257024K, used 175305K [0x0000000080000000, 0x0000000100000000)
  region size 1024K, 4 young (4096K), 4 survivors (4096K)
 Metaspace       used 92454K, capacity 94994K, committed 95312K, reserved 1132544K
  class space    used 12019K, capacity 12951K, committed 13056K, reserved 1048576K
}

Deoptimization events (20 events):
Event: 38.748 Thread 0x0000024afcbdd800 DEOPT PACKING pc=0x0000024a812615d6 sp=0x000000ceed2f9330
Event: 38.748 Thread 0x0000024afcbdd800 DEOPT UNPACKING pc=0x0000024a8004a95e sp=0x000000ceed2f88d0 mode 0
Event: 38.920 Thread 0x0000024afcbdd800 DEOPT PACKING pc=0x0000024a812616cd sp=0x000000ceed2f74b0
Event: 38.920 Thread 0x0000024afcbdd800 DEOPT UNPACKING pc=0x0000024a8004a95e sp=0x000000ceed2f6a50 mode 0
Event: 39.004 Thread 0x0000024afcbdd800 DEOPT PACKING pc=0x0000024a812615d6 sp=0x000000ceed2f74b0
Event: 39.004 Thread 0x0000024afcbdd800 DEOPT UNPACKING pc=0x0000024a8004a95e sp=0x000000ceed2f6a50 mode 0
Event: 40.039 Thread 0x0000024afcbdd800 Uncommon trap: trap_request=0xffffff4d fr.pc=0x0000024a87d533e4 relative=0x0000000000000264
Event: 40.039 Thread 0x0000024afcbdd800 Uncommon trap: reason=unstable_if action=reinterpret pc=0x0000024a87d533e4 method=java.lang.Class.getTypeName()Ljava/lang/String; @ 23 c2
Event: 40.039 Thread 0x0000024afcbdd800 DEOPT PACKING pc=0x0000024a87d533e4 sp=0x000000ceed2f9610
Event: 40.039 Thread 0x0000024afcbdd800 DEOPT UNPACKING pc=0x0000024a8004a1af sp=0x000000ceed2f95d8 mode 2
Event: 40.224 Thread 0x0000024afcbdd800 DEOPT PACKING pc=0x0000024a812616cd sp=0x000000ceed2f8860
Event: 40.224 Thread 0x0000024afcbdd800 DEOPT UNPACKING pc=0x0000024a8004a95e sp=0x000000ceed2f7e00 mode 0
Event: 40.288 Thread 0x0000024afcbdd800 Uncommon trap: trap_request=0xffffffc6 fr.pc=0x0000024a87e50634 relative=0x0000000000001e34
Event: 40.288 Thread 0x0000024afcbdd800 Uncommon trap: reason=bimorphic_or_optimized_type_check action=maybe_recompile pc=0x0000024a87e50634 method=java.util.concurrent.ConcurrentHashMap.putVal(Ljava/lang/Object;Ljava/lang/Object;Z)Ljava/lang/Object; @ 242 c2
Event: 40.288 Thread 0x0000024afcbdd800 DEOPT PACKING pc=0x0000024a87e50634 sp=0x000000ceed2f9370
Event: 40.288 Thread 0x0000024afcbdd800 DEOPT UNPACKING pc=0x0000024a8004a1af sp=0x000000ceed2f9300 mode 2
Event: 40.322 Thread 0x0000024afcbdd800 Uncommon trap: trap_request=0xffffffc6 fr.pc=0x0000024a87e50634 relative=0x0000000000001e34
Event: 40.322 Thread 0x0000024afcbdd800 Uncommon trap: reason=bimorphic_or_optimized_type_check action=maybe_recompile pc=0x0000024a87e50634 method=java.util.concurrent.ConcurrentHashMap.putVal(Ljava/lang/Object;Ljava/lang/Object;Z)Ljava/lang/Object; @ 242 c2
Event: 40.322 Thread 0x0000024afcbdd800 DEOPT PACKING pc=0x0000024a87e50634 sp=0x000000ceed2f9050
Event: 40.322 Thread 0x0000024afcbdd800 DEOPT UNPACKING pc=0x0000024a8004a1af sp=0x000000ceed2f8fe0 mode 2

Classes redefined (0 events):
No events

Internal exceptions (20 events):
Event: 34.193 Thread 0x0000024afcbdd800 Exception <a 'java/lang/ClassNotFoundException'{0x000000008ce89928}: org/gradle/api/internal/tasks/DefaultSourceSetContainer_DecoratedCustomizer> (0x000000008ce89928) thrown at [src/hotspot/share/classfile/systemDictionary.cpp, line 230]
Event: 34.283 Thread 0x0000024afb02c000 Exception <a 'java/lang/NoSuchMethodError'{0x000000008cd591c0}: <clinit>> (0x000000008cd591c0) thrown at [src/hotspot/share/prims/jni.cpp, line 1367]
Event: 34.912 Thread 0x0000024afcbdd800 Exception <a 'sun/nio/fs/WindowsException'{0x000000008ccb60c0}> (0x000000008ccb60c0) thrown at [src/hotspot/share/prims/jni.cpp, line 617]
Event: 35.237 Thread 0x0000024afcbdd800 Exception <a 'java/lang/NullPointerException'{0x000000008cfc5f38}> (0x000000008cfc5f38) thrown at [src/hotspot/share/interpreter/linkResolver.cpp, line 1440]
Event: 37.079 Thread 0x0000024afcbdd800 Implicit null exception at 0x0000024a87eb70eb to 0x0000024a87eb8b40
Event: 37.681 Thread 0x0000024afcbdd800 Exception <a 'sun/nio/fs/WindowsException'{0x000000008f4b59f0}> (0x000000008f4b59f0) thrown at [src/hotspot/share/prims/jni.cpp, line 617]
Event: 37.682 Thread 0x0000024afcbdd800 Exception <a 'sun/nio/fs/WindowsException'{0x000000008f4b6d68}> (0x000000008f4b6d68) thrown at [src/hotspot/share/prims/jni.cpp, line 617]
Event: 37.682 Thread 0x0000024afcbdd800 Exception <a 'sun/nio/fs/WindowsException'{0x000000008f4b8130}> (0x000000008f4b8130) thrown at [src/hotspot/share/prims/jni.cpp, line 617]
Event: 37.682 Thread 0x0000024afcbdd800 Exception <a 'sun/nio/fs/WindowsException'{0x000000008f4b94f8}> (0x000000008f4b94f8) thrown at [src/hotspot/share/prims/jni.cpp, line 617]
Event: 37.954 Thread 0x0000024afcbdd800 Exception <a 'java/lang/NoSuchMethodError'{0x000000008eeaa380}: 'java.lang.Object java.lang.invoke.DirectMethodHandle$Holder.invokeStatic(java.lang.Object, java.lang.Object, java.lang.Object, java.lang.Object, java.lang.Object, java.lang.Object, int)'> (0x000000008eeaa380) thrown at [src/hotspot/share/interpreter/linkResolver.cpp, line 773]
Event: 37.956 Thread 0x0000024afcbdd800 Exception <a 'java/lang/NoSuchMethodError'{0x000000008eec22a8}: 'java.lang.Object java.lang.invoke.DirectMethodHandle$Holder.invokeStatic(java.lang.Object, java.lang.Object, java.lang.Object, java.lang.Object, java.lang.Object, java.lang.Object, int, int)'> (0x000000008eec22a8) thrown at [src/hotspot/share/interpreter/linkResolver.cpp, line 773]
Event: 37.959 Thread 0x0000024afcbdd800 Exception <a 'java/lang/NoSuchMethodError'{0x000000008eedab08}: 'java.lang.Object java.lang.invoke.DirectMethodHandle$Holder.invokeStatic(java.lang.Object, java.lang.Object, java.lang.Object, java.lang.Object, java.lang.Object, java.lang.Object, int, int, java.lang.Object)'> (0x000000008eedab08) thrown at [src/hotspot/share/interpreter/linkResolver.cpp, line 773]
Event: 38.693 Thread 0x0000024afcbdd800 Exception <a 'java/lang/NoSuchMethodError'{0x000000008dd32228}: 'int java.lang.invoke.DirectMethodHandle$Holder.invokeSpecialIFC(java.lang.Object, java.lang.Object, java.lang.Object)'> (0x000000008dd32228) thrown at [src/hotspot/share/interpreter/linkResolver.cpp, line 773]
Event: 38.850 Thread 0x0000024afcbdd800 Exception <a 'java/lang/NoSuchMethodError'{0x000000008dac6368}: 'java.lang.Object java.lang.invoke.DirectMethodHandle$Holder.invokeStatic(java.lang.Object, java.lang.Object, java.lang.Object, java.lang.Object, int, java.lang.Object)'> (0x000000008dac6368) thrown at [src/hotspot/share/interpreter/linkResolver.cpp, line 773]
Event: 38.851 Thread 0x0000024afcbdd800 Exception <a 'java/lang/NoSuchMethodError'{0x000000008dacac38}: 'java.lang.Object java.lang.invoke.DirectMethodHandle$Holder.invokeSpecial(java.lang.Object, java.lang.Object, java.lang.Object, java.lang.Object, java.lang.Object, int, java.lang.Object)'> (0x000000008dacac38) thrown at [src/hotspot/share/interpreter/linkResolver.cpp, line 773]
Event: 38.854 Thread 0x0000024afcbdd800 Exception <a 'java/lang/NoSuchMethodError'{0x000000008daceec8}: 'java.lang.Object java.lang.invoke.Invokers$Holder.linkToTargetMethod(java.lang.Object, java.lang.Object, java.lang.Object, int, java.lang.Object, java.lang.Object)'> (0x000000008daceec8) thrown at [src/hotspot/share/interpreter/linkResolver.cpp, line 773]
Event: 39.420 Thread 0x0000024afcbdd800 Exception <a 'java/lang/NoSuchMethodError'{0x000000008eb4d010}: 'void java.lang.invoke.DirectMethodHandle$Holder.invokeStatic(java.lang.Object, java.lang.Object, java.lang.Object, java.lang.Object, int, java.lang.Object, java.lang.Object)'> (0x000000008eb4d010) thrown at [src/hotspot/share/interpreter/linkResolver.cpp, line 773]
Event: 39.462 Thread 0x0000024afcbdd800 Exception <a 'java/lang/IncompatibleClassChangeError'{0x000000008e909d78}: Found class java.lang.Object, but interface was expected> (0x000000008e909d78) thrown at [src/hotspot/share/interpreter/linkResolver.cpp, line 839]
Event: 39.559 Thread 0x0000024a8f8d6800 Exception <a 'java/lang/IncompatibleClassChangeError'{0x000000008e75f6a8}: Found class java.lang.Object, but interface was expected> (0x000000008e75f6a8) thrown at [src/hotspot/share/interpreter/linkResolver.cpp, line 839]
Event: 39.680 Thread 0x0000024a8f8d6800 Exception <a 'java/lang/NoSuchMethodError'{0x000000008e516040}: 'int java.lang.invoke.DirectMethodHandle$Holder.invokeStaticInit(java.lang.Object, java.lang.Object, java.lang.Object, java.lang.Object, java.lang.Object)'> (0x000000008e516040) thrown at [src/hotspot/share/interpreter/linkResolver.cpp, line 773]

Events (20 events):
Event: 40.470 loading class com/android/build/gradle/internal/ide/v2/VectorDrawableOptionsImpl
Event: 40.470 loading class com/android/build/gradle/internal/ide/v2/VectorDrawableOptionsImpl done
Event: 40.471 loading class com/android/builder/model/v2/ide/VectorDrawablesOptions
Event: 40.471 loading class com/android/builder/model/v2/ide/VectorDrawablesOptions done
Event: 40.474 loading class com/android/build/gradle/internal/ide/v2/VectorDrawableOptionsImpl$Companion
Event: 40.474 loading class com/android/build/gradle/internal/ide/v2/VectorDrawableOptionsImpl$Companion done
Event: 40.475 loading class com/android/build/gradle/internal/ide/v2/ConvertersKt$convertBuildConfig$1
Event: 40.475 loading class com/android/build/gradle/internal/ide/v2/ConvertersKt$convertBuildConfig$1 done
Event: 40.477 loading class com/android/build/gradle/internal/ide/v2/ConvertersKt$convertResValues$1
Event: 40.477 loading class com/android/build/gradle/internal/ide/v2/ConvertersKt$convertResValues$1 done
Event: 40.478 loading class com/android/build/gradle/internal/ide/v2/ProductFlavorImpl
Event: 40.478 loading class com/android/build/gradle/internal/ide/v2/ProductFlavorImpl done
Event: 40.480 loading class com/android/builder/model/v2/dsl/ProductFlavor
Event: 40.480 loading class com/android/builder/model/v2/dsl/ProductFlavor done
Event: 40.482 loading class com/android/builder/model/v2/dsl/BaseConfig
Event: 40.482 loading class com/android/builder/model/v2/dsl/BaseConfig done
Event: 40.496 loading class com/android/build/gradle/internal/ide/v2/ProductFlavorImpl$Companion
Event: 40.496 loading class com/android/build/gradle/internal/ide/v2/ProductFlavorImpl$Companion done
Event: 40.500 loading class com/android/build/gradle/internal/ide/v2/BuildTypeImpl
Event: 40.500 loading class com/android/build/gradle/internal/ide/v2/BuildTypeImpl done


Dynamic libraries:
0x00007ff7e9790000 - 0x00007ff7e979a000 	C:\Program Files\Android\Android Studio\jbr\bin\java.exe
0x00007ff8b0d30000 - 0x00007ff8b0f44000 	C:\Windows\SYSTEM32\ntdll.dll
0x00007ff8af320000 - 0x00007ff8af3e2000 	C:\Windows\System32\KERNEL32.DLL
0x00007ff8ae270000 - 0x00007ff8ae613000 	C:\Windows\System32\KERNELBASE.dll
0x00007ff8ae150000 - 0x00007ff8ae261000 	C:\Windows\System32\ucrtbase.dll
0x00007ff88fc90000 - 0x00007ff88fcab000 	C:\Program Files\Android\Android Studio\jbr\bin\VCRUNTIME140.dll
0x00007ff88f670000 - 0x00007ff88f687000 	C:\Program Files\Android\Android Studio\jbr\bin\jli.dll
0x00007ff8b08a0000 - 0x00007ff8b0a4b000 	C:\Windows\System32\USER32.dll
0x00007ff89d510000 - 0x00007ff89d79e000 	C:\Windows\WinSxS\amd64_microsoft.windows.common-controls_6595b64144ccf1df_6.0.22621.1635_none_270f70857386168e\COMCTL32.dll
0x00007ff8aea60000 - 0x00007ff8aea86000 	C:\Windows\System32\win32u.dll
0x00007ff8b06c0000 - 0x00007ff8b0767000 	C:\Windows\System32\msvcrt.dll
0x00007ff8b00f0000 - 0x00007ff8b0119000 	C:\Windows\System32\GDI32.dll
0x00007ff8ae620000 - 0x00007ff8ae738000 	C:\Windows\System32\gdi32full.dll
0x00007ff8aea90000 - 0x00007ff8aeb2a000 	C:\Windows\System32\msvcp_win.dll
0x00007ff8b0cb0000 - 0x00007ff8b0ce1000 	C:\Windows\System32\IMM32.DLL
0x00007ff890720000 - 0x00007ff89072c000 	C:\Program Files\Android\Android Studio\jbr\bin\vcruntime140_1.dll
0x00007ff868500000 - 0x00007ff86858d000 	C:\Program Files\Android\Android Studio\jbr\bin\msvcp140.dll
0x00007ff842dd0000 - 0x00007ff84398c000 	C:\Program Files\Android\Android Studio\jbr\bin\server\jvm.dll
0x00007ff8b0b00000 - 0x00007ff8b0bae000 	C:\Windows\System32\ADVAPI32.dll
0x00007ff8aebb0000 - 0x00007ff8aec54000 	C:\Windows\System32\sechost.dll
0x00007ff8b05a0000 - 0x00007ff8b06b7000 	C:\Windows\System32\RPCRT4.dll
0x00007ff8aef90000 - 0x00007ff8aef98000 	C:\Windows\System32\PSAPI.DLL
0x00007ff8aa5d0000 - 0x00007ff8aa5d9000 	C:\Windows\SYSTEM32\WSOCK32.dll
0x00007ff8a9780000 - 0x00007ff8a97b4000 	C:\Windows\SYSTEM32\WINMM.dll
0x00007ff8b0a80000 - 0x00007ff8b0af1000 	C:\Windows\System32\WS2_32.dll
0x00007ff8a43f0000 - 0x00007ff8a43fa000 	C:\Windows\SYSTEM32\VERSION.dll
0x00007ff8ad1a0000 - 0x00007ff8ad1b8000 	C:\Windows\SYSTEM32\kernel.appcore.dll
0x00007ff8a97d0000 - 0x00007ff8a97e0000 	C:\Program Files\Android\Android Studio\jbr\bin\verify.dll
0x00007ff8a64d0000 - 0x00007ff8a66fe000 	C:\Windows\SYSTEM32\DBGHELP.DLL
0x00007ff8afc50000 - 0x00007ff8affd9000 	C:\Windows\System32\combase.dll
0x00007ff8aec60000 - 0x00007ff8aed37000 	C:\Windows\System32\OLEAUT32.dll
0x00007ff8a5430000 - 0x00007ff8a5462000 	C:\Windows\SYSTEM32\dbgcore.DLL
0x00007ff8ae870000 - 0x00007ff8ae8eb000 	C:\Windows\System32\bcryptPrimitives.dll
0x00007ff8a7020000 - 0x00007ff8a7048000 	C:\Program Files\Android\Android Studio\jbr\bin\java.dll
0x00007ff8a7080000 - 0x00007ff8a708a000 	C:\Program Files\Android\Android Studio\jbr\bin\jimage.dll
0x00007ff8a7000000 - 0x00007ff8a7018000 	C:\Program Files\Android\Android Studio\jbr\bin\zip.dll
0x00007ff8af450000 - 0x00007ff8afc4a000 	C:\Windows\System32\SHELL32.dll
0x00007ff8ac100000 - 0x00007ff8ac9ce000 	C:\Windows\SYSTEM32\windows.storage.dll
0x00007ff8abfc0000 - 0x00007ff8ac0fe000 	C:\Windows\SYSTEM32\wintypes.dll
0x00007ff8afff0000 - 0x00007ff8b00e1000 	C:\Windows\System32\SHCORE.dll
0x00007ff8af190000 - 0x00007ff8af1ee000 	C:\Windows\System32\shlwapi.dll
0x00007ff8ae080000 - 0x00007ff8ae0a1000 	C:\Windows\SYSTEM32\profapi.dll
0x00007ff8a6fe0000 - 0x00007ff8a6ff9000 	C:\Program Files\Android\Android Studio\jbr\bin\net.dll
0x00007ff8a9200000 - 0x00007ff8a9337000 	C:\Windows\SYSTEM32\WINHTTP.dll
0x00007ff8ad610000 - 0x00007ff8ad679000 	C:\Windows\system32\mswsock.dll
0x00007ff8a5600000 - 0x00007ff8a5613000 	C:\Program Files\Android\Android Studio\jbr\bin\nio.dll
0x00007ff8848f0000 - 0x00007ff884917000 	C:\Users\Asus\.gradle\native\e1d6ef7f7dcc3fd88c89a11ec53ec762bb8ba0a96d01ffa2cd45eb1d1d8dd5c5\windows-amd64\native-platform.dll
0x00007ff83c1d0000 - 0x00007ff83c314000 	C:\Users\Asus\.gradle\native\0d407fdbe67a94daf76414ababcb853783967236a71b16ec16e742cd7a986fd3\windows-amd64\native-platform-file-events.dll
0x00007ff8a7060000 - 0x00007ff8a706a000 	C:\Program Files\Android\Android Studio\jbr\bin\management.dll
0x00007ff8a6f80000 - 0x00007ff8a6f8b000 	C:\Program Files\Android\Android Studio\jbr\bin\management_ext.dll
0x00007ff8ad880000 - 0x00007ff8ad89b000 	C:\Windows\SYSTEM32\CRYPTSP.dll
0x00007ff8ad110000 - 0x00007ff8ad145000 	C:\Windows\system32\rsaenh.dll
0x00007ff8ad710000 - 0x00007ff8ad738000 	C:\Windows\SYSTEM32\USERENV.dll
0x00007ff8ada10000 - 0x00007ff8ada38000 	C:\Windows\SYSTEM32\bcrypt.dll
0x00007ff8ad870000 - 0x00007ff8ad87c000 	C:\Windows\SYSTEM32\CRYPTBASE.dll
0x00007ff8acc80000 - 0x00007ff8accad000 	C:\Windows\SYSTEM32\IPHLPAPI.DLL
0x00007ff8b0a50000 - 0x00007ff8b0a59000 	C:\Windows\System32\NSI.dll
0x00007ff8a91e0000 - 0x00007ff8a91f9000 	C:\Windows\SYSTEM32\dhcpcsvc6.DLL
0x00007ff8a91c0000 - 0x00007ff8a91df000 	C:\Windows\SYSTEM32\dhcpcsvc.DLL
0x00007ff8acd00000 - 0x00007ff8acdf3000 	C:\Windows\SYSTEM32\DNSAPI.dll
0x00007ff8a40f0000 - 0x00007ff8a4107000 	C:\Windows\system32\napinsp.dll
0x00007ff89c7d0000 - 0x00007ff89c7eb000 	C:\Windows\system32\pnrpnsp.dll
0x00007ff89c470000 - 0x00007ff89c481000 	C:\Windows\System32\winrnr.dll
0x00007ff8a91a0000 - 0x00007ff8a91b5000 	C:\Windows\system32\wshbth.dll
0x00007ff883dd0000 - 0x00007ff883df1000 	C:\Windows\system32\nlansp_c.dll
0x00007ff89fc00000 - 0x00007ff89fc0a000 	C:\Windows\System32\rasadhlp.dll
0x00007ff8a70b0000 - 0x00007ff8a7134000 	C:\Windows\System32\fwpuclnt.dll

dbghelp: loaded successfully - version: 4.0.5 - missing functions: none
symbol engine: initialized successfully - sym options: 0x614 - pdb path: .;C:\Program Files\Android\Android Studio\jbr\bin;C:\Windows\SYSTEM32;C:\Windows\WinSxS\amd64_microsoft.windows.common-controls_6595b64144ccf1df_6.0.22621.1635_none_270f70857386168e;C:\Program Files\Android\Android Studio\jbr\bin\server;C:\Users\Asus\.gradle\native\e1d6ef7f7dcc3fd88c89a11ec53ec762bb8ba0a96d01ffa2cd45eb1d1d8dd5c5\windows-amd64;C:\Users\Asus\.gradle\native\0d407fdbe67a94daf76414ababcb853783967236a71b16ec16e742cd7a986fd3\windows-amd64

VM Arguments:
jvm_args: --add-opens=java.base/java.util=ALL-UNNAMED --add-opens=java.base/java.lang=ALL-UNNAMED --add-opens=java.base/java.lang.invoke=ALL-UNNAMED --add-opens=java.base/java.util=ALL-UNNAMED --add-opens=java.prefs/java.util.prefs=ALL-UNNAMED --add-opens=java.prefs/java.util.prefs=ALL-UNNAMED --add-opens=java.base/java.nio.charset=ALL-UNNAMED --add-opens=java.base/java.net=ALL-UNNAMED --add-opens=java.base/java.util.concurrent.atomic=ALL-UNNAMED -Xmx2048m -Dfile.encoding=UTF-8 -Duser.country=TR -Duser.language=tr -Duser.variant 
java_command: org.gradle.launcher.daemon.bootstrap.GradleDaemon 7.5
java_class_path (initial): C:\Users\Asus\.gradle\wrapper\dists\gradle-7.5-bin\f1w0cc9nuo0eivz97x2xlu9sv\gradle-7.5\lib\gradle-launcher-7.5.jar
Launcher Type: SUN_STANDARD

[Global flags]
     intx CICompilerCount                          = 4                                         {product} {ergonomic}
     uint ConcGCThreads                            = 2                                         {product} {ergonomic}
     uint G1ConcRefinementThreads                  = 8                                         {product} {ergonomic}
   size_t G1HeapRegionSize                         = 1048576                                   {product} {ergonomic}
    uintx GCDrainStackTargetSize                   = 64                                        {product} {ergonomic}
   size_t InitialHeapSize                          = 100663296                                 {product} {ergonomic}
   size_t MarkStackSize                            = 4194304                                   {product} {ergonomic}
   size_t MaxHeapSize                              = 2147483648                                {product} {command line}
   size_t MaxNewSize                               = 1287651328                                {product} {ergonomic}
   size_t MinHeapDeltaBytes                        = 1048576                                   {product} {ergonomic}
    uintx NonNMethodCodeHeapSize                   = 5836300                                {pd product} {ergonomic}
    uintx NonProfiledCodeHeapSize                  = 122910970                              {pd product} {ergonomic}
    uintx ProfiledCodeHeapSize                     = 122910970                              {pd product} {ergonomic}
    uintx ReservedCodeCacheSize                    = 251658240                              {pd product} {ergonomic}
     bool SegmentedCodeCache                       = true                                      {product} {ergonomic}
     bool UseCompressedClassPointers               = true                                 {lp64_product} {ergonomic}
     bool UseCompressedOops                        = true                                 {lp64_product} {ergonomic}
     bool UseG1GC                                  = true                                      {product} {ergonomic}
     bool UseLargePagesIndividualAllocation        = false                                  {pd product} {ergonomic}

Logging:
Log output configuration:
 #0: stdout all=warning uptime,level,tags
 #1: stderr all=off uptime,level,tags

Environment Variables:
PATH=C:\Program Files\Microsoft\jdk-11.0.16.101-hotspot\bin;C:\Program Files (x86)\Common Files\Oracle\Java\javapath;C:\Windows\system32;C:\Windows;C:\Windows\System32\Wbem;C:\Windows\System32\WindowsPowerShell\v1.0\;C:\Windows\System32\OpenSSH\;C:\Program Files\Azure Data Studio\bin;C:\Program Files (x86)\Microsoft SQL Server\160\Tools\Binn\;C:\Program Files\Microsoft SQL Server\160\Tools\Binn\;C:\Program Files\Microsoft SQL Server\Client SDK\ODBC\170\Tools\Binn\;C:\Program Files\Microsoft SQL Server\160\DTS\Binn\;C:\Program Files (x86)\Microsoft SQL Server\160\DTS\Binn\;C:\Program Files\Microsoft SQL Server\150\Tools\Binn\;C:\Program Files\dotnet\;C:\Program Files\Git\cmd;C:\Users\Asus\AppData\Local\Microsoft\WindowsApps;C:\Program Files\JetBrains\IntelliJ IDEA 2022.3.2\bin;;C:\Users\Asus\AppData\Local\GitHubDesktop\bin;C:\Program Files\Azure Data Studio\bin;C:\Users\Asus\.dotnet\tools;C:\Users\Asus\AppData\Local\Microsoft\WindowsApps\python.exe;
USERNAME=Asus
OS=Windows_NT
PROCESSOR_IDENTIFIER=AMD64 Family 23 Model 24 Stepping 1, AuthenticAMD



---------------  S Y S T E M  ---------------

OS: Windows 11 , 64 bit Build 22621 (10.0.22621.1635)
OS uptime: 2 days 15:14 hours
Hyper-V role detected

CPU:total 8 (initial active 8) (8 cores per cpu, 2 threads per core) family 23 model 24 stepping 1 microcode 0x0, cmov, cx8, fxsr, mmx, sse, sse2, sse3, ssse3, sse4.1, sse4.2, popcnt, avx, avx2, aes, clmul, mmxext, 3dnowpref, lzcnt, sse4a, ht, tsc, tscinvbit, tscinv, bmi1, bmi2, adx, sha, fma

Memory: 4k page, system-wide physical 6091M (139M free)
TotalPageFile size 16022M (AvailPageFile size 4M)
current process WorkingSet (physical memory assigned to process): 387M, peak: 476M
current process commit charge ("private bytes"): 551M, peak: 553M

vm_info: OpenJDK 64-Bit Server VM (11.0.15+0-b2043.56-9505619) for windows-amd64 JRE (11.0.15+0-b2043.56-9505619), built on Jan 19 2023 02:48:00 by "builduser" with unknown MS VC++:1929

END.
